Using pre-set license
Built from '2021.1/release' branch; Version is '2021.1.1f1 (6fdc41dfa55a) revision 7330881'; Using compiler version '192528614'; Build Type 'Release'
OS: 'Windows 10 Home; OS build 19041.1052; Version 2004; 64bit' Language: 'en' Physical Memory: 16360 MB
BatchMode: 1, IsHumanControllingUs: 0, StartBugReporterOnCrash: 0, Is64bit: 1, IsPro: 0

 COMMAND LINE ARGUMENTS:
C:\Program Files\Unity\Hub\Editor\2021.1.1f1\Editor\Unity.exe
-adb2
-batchMode
-noUpm
-name
AssetImportWorker0
-projectPath
C:/Users/CoghD/Documents/GitHub/WebGame
-logFile
Logs/AssetImportWorker0.log
-srvPort
63266
Successfully changed project path to: C:/Users/CoghD/Documents/GitHub/WebGame
C:/Users/CoghD/Documents/GitHub/WebGame
Using Asset Import Pipeline V2.
Refreshing native plugins compatible for Editor in 60.14 ms, found 0 plugins.
Preloading 0 native plugins for Editor in 0.00 ms.
Initialize engine version: 2021.1.1f1 (6fdc41dfa55a)
[Subsystems] Discovering subsystems at path C:/Program Files/Unity/Hub/Editor/2021.1.1f1/Editor/Data/Resources/UnitySubsystems
[Subsystems] Discovering subsystems at path C:/Users/CoghD/Documents/GitHub/WebGame/Assets
GfxDevice: creating device client; threaded=0; jobified=0
Direct3D:
    Version:  Direct3D 11.0 [level 11.1]
    Renderer: AMD Radeon HD 7900 Series (ID=0x679a)
    Vendor:   ATI
    VRAM:     3051 MB
    Driver:   27.20.1034.6
Initialize mono
Mono path[0] = 'C:/Program Files/Unity/Hub/Editor/2021.1.1f1/Editor/Data/Managed'
Mono path[1] = 'C:/Program Files/Unity/Hub/Editor/2021.1.1f1/Editor/Data/MonoBleedingEdge/lib/mono/unityjit'
Mono config path = 'C:/Program Files/Unity/Hub/Editor/2021.1.1f1/Editor/Data/MonoBleedingEdge/etc'
Using monoOptions --debugger-agent=transport=dt_socket,embedding=1,server=y,suspend=n,address=127.0.0.1:56492
Begin MonoManager ReloadAssembly
Registering precompiled unity dll's ...
Register platform support module: C:/Program Files/Unity/Hub/Editor/2021.1.1f1/Editor/Data/PlaybackEngines/WebGLSupport/UnityEditor.WebGL.Extensions.dll
Register platform support module: C:/Program Files/Unity/Hub/Editor/2021.1.1f1/Editor/Data/PlaybackEngines/WindowsStandaloneSupport/UnityEditor.WindowsStandalone.Extensions.dll
Registered in 0.003766 seconds.
Native extension for WindowsStandalone target not found
Native extension for WebGL target not found
Refreshing native plugins compatible for Editor in 53.26 ms, found 0 plugins.
Preloading 0 native plugins for Editor in 0.00 ms.
Mono: successfully reloaded assembly
- Completed reload, in  2.114 seconds
Platform modules already initialized, skipping
Registering precompiled user dll's ...
Registered in 0.003282 seconds.
Begin MonoManager ReloadAssembly
Native extension for WindowsStandalone target not found
Native extension for WebGL target not found
Refreshing native plugins compatible for Editor in 0.60 ms, found 0 plugins.
Preloading 0 native plugins for Editor in 0.00 ms.
Mono: successfully reloaded assembly
- Completed reload, in  1.389 seconds
Platform modules already initialized, skipping
========================================================================
Worker process is ready to serve import requests
Launched and connected shader compiler UnityShaderCompiler.exe after 0.05 seconds
Refreshing native plugins compatible for Editor in 0.58 ms, found 0 plugins.
Preloading 0 native plugins for Editor in 0.00 ms.
Unloading 1634 Unused Serialized files (Serialized files now loaded: 0)
System memory in use before: 71.4 MB.
System memory in use after: 71.5 MB.

Unloading 42 unused Assets to reduce memory usage. Loaded Objects now: 2070.
Total: 6.712700 ms (FindLiveObjects: 0.159900 ms CreateObjectMapping: 0.067300 ms MarkObjects: 6.401500 ms  DeleteObjects: 0.082600 ms)

========================================================================
Received Import Request.
  path: Assets/Textures/Aerial.png
  artifactKey: Guid(49c4bd6d800ec1c48966b3710e12b1ab) Importer(815301076,1909f56bfc062723c751e8b465ee728b)
Start importing Assets/Textures/Aerial.png using Guid(49c4bd6d800ec1c48966b3710e12b1ab) Importer(815301076,1909f56bfc062723c751e8b465ee728b)  -> (artifact id: 'ebbac57ff808f034718df6ca99b2ed5c') in 0.165405 seconds 
========================================================================
Received Import Request.
  Time since last request: 0.000280 seconds.
  path: Assets/Textures/Air.png
  artifactKey: Guid(774a9491a6703dd4d84ca061d3e7876d) Importer(815301076,1909f56bfc062723c751e8b465ee728b)
Start importing Assets/Textures/Air.png using Guid(774a9491a6703dd4d84ca061d3e7876d) Importer(815301076,1909f56bfc062723c751e8b465ee728b)  -> (artifact id: '2a31b1072250136011a1a3e20fbc3b61') in 0.026680 seconds 
========================================================================
Received Import Request.
  Time since last request: 0.000350 seconds.
  path: Assets/Textures/Idle 1.png
  artifactKey: Guid(375cd22d532e92c40861a1b2251f36da) Importer(815301076,1909f56bfc062723c751e8b465ee728b)
Start importing Assets/Textures/Idle 1.png using Guid(375cd22d532e92c40861a1b2251f36da) Importer(815301076,1909f56bfc062723c751e8b465ee728b)  -> (artifact id: '9b70a48105ded484e8f04df330f9336b') in 0.024185 seconds 
========================================================================
Received Import Request.
  Time since last request: 0.000235 seconds.
  path: Assets/Textures/Run.png
  artifactKey: Guid(258173bcbad9d9d4fbb7b0e51e1a6eee) Importer(815301076,1909f56bfc062723c751e8b465ee728b)
Start importing Assets/Textures/Run.png using Guid(258173bcbad9d9d4fbb7b0e51e1a6eee) Importer(815301076,1909f56bfc062723c751e8b465ee728b)  -> (artifact id: 'bbf23374538bee5d35e91905393b36c0') in 0.023796 seconds 
========================================================================
Received Import Request.
  Time since last request: 0.000231 seconds.
  path: Assets/Textures/Kick.png
  artifactKey: Guid(9b289300df4d3674ea133e2edcab99a1) Importer(815301076,1909f56bfc062723c751e8b465ee728b)
Start importing Assets/Textures/Kick.png using Guid(9b289300df4d3674ea133e2edcab99a1) Importer(815301076,1909f56bfc062723c751e8b465ee728b)  -> (artifact id: '0730909828b5016a0fd2ea35481d5465') in 0.022112 seconds 
========================================================================
Received Prepare
Registering precompiled user dll's ...
Registered in 0.002845 seconds.
Begin MonoManager ReloadAssembly
Native extension for WindowsStandalone target not found
Native extension for WebGL target not found
Refreshing native plugins compatible for Editor in 0.60 ms, found 0 plugins.
Preloading 0 native plugins for Editor in 0.00 ms.
Mono: successfully reloaded assembly
- Completed reload, in  1.370 seconds
Platform modules already initialized, skipping
Refreshing native plugins compatible for Editor in 0.70 ms, found 0 plugins.
Preloading 0 native plugins for Editor in 0.00 ms.
Unloading 1634 Unused Serialized files (Serialized files now loaded: 0)
System memory in use before: 77.4 MB.
System memory in use after: 77.5 MB.

Unloading 33 unused Assets to reduce memory usage. Loaded Objects now: 2160.
Total: 6.944600 ms (FindLiveObjects: 0.175100 ms CreateObjectMapping: 0.062800 ms MarkObjects: 6.660600 ms  DeleteObjects: 0.044300 ms)

========================================================================
Received Import Request.
  Time since last request: 128.608247 seconds.
  path: Assets/Textures/Aerial.png
  artifactKey: Guid(49c4bd6d800ec1c48966b3710e12b1ab) Importer(815301076,1909f56bfc062723c751e8b465ee728b)
Start importing Assets/Textures/Aerial.png using Guid(49c4bd6d800ec1c48966b3710e12b1ab) Importer(815301076,1909f56bfc062723c751e8b465ee728b)  -> (artifact id: '979823e60d3c48c1f83e56692e40df01') in 0.062108 seconds 
========================================================================
Received Import Request.
  Time since last request: 134.524446 seconds.
  path: Assets/Textures/Aerial.png
  artifactKey: Guid(49c4bd6d800ec1c48966b3710e12b1ab) Importer(815301076,1909f56bfc062723c751e8b465ee728b)
Start importing Assets/Textures/Aerial.png using Guid(49c4bd6d800ec1c48966b3710e12b1ab) Importer(815301076,1909f56bfc062723c751e8b465ee728b)  -> (artifact id: '2180bf22e60ff65f59d60a4e0d8aa0b3') in 0.052195 seconds 
========================================================================
Received Import Request.
  Time since last request: 14.523947 seconds.
  path: Assets/Textures/Idle 1.png
  artifactKey: Guid(375cd22d532e92c40861a1b2251f36da) Importer(815301076,1909f56bfc062723c751e8b465ee728b)
Start importing Assets/Textures/Idle 1.png using Guid(375cd22d532e92c40861a1b2251f36da) Importer(815301076,1909f56bfc062723c751e8b465ee728b)  -> (artifact id: '8b146da0b0c007d9bae6e29093461c16') in 0.022688 seconds 
========================================================================
Received Import Request.
  Time since last request: 6.167856 seconds.
  path: Assets/Textures/Idle 1.png
  artifactKey: Guid(375cd22d532e92c40861a1b2251f36da) Importer(815301076,1909f56bfc062723c751e8b465ee728b)
Start importing Assets/Textures/Idle 1.png using Guid(375cd22d532e92c40861a1b2251f36da) Importer(815301076,1909f56bfc062723c751e8b465ee728b)  -> (artifact id: 'c33a8e761f698ae455bced76296dd512') in 0.032289 seconds 
========================================================================
Received Import Request.
  Time since last request: 7.734300 seconds.
  path: Assets/Textures/Kick.png
  artifactKey: Guid(9b289300df4d3674ea133e2edcab99a1) Importer(815301076,1909f56bfc062723c751e8b465ee728b)
Start importing Assets/Textures/Kick.png using Guid(9b289300df4d3674ea133e2edcab99a1) Importer(815301076,1909f56bfc062723c751e8b465ee728b)  -> (artifact id: '37ba4c52f6b2f94d76d284d85ce8d528') in 0.020789 seconds 
========================================================================
Received Import Request.
  Time since last request: 4.014754 seconds.
  path: Assets/Textures/Kick.png
  artifactKey: Guid(9b289300df4d3674ea133e2edcab99a1) Importer(815301076,1909f56bfc062723c751e8b465ee728b)
Start importing Assets/Textures/Kick.png using Guid(9b289300df4d3674ea133e2edcab99a1) Importer(815301076,1909f56bfc062723c751e8b465ee728b)  -> (artifact id: '8e909bdac09b91b2300f174d007918af') in 0.037953 seconds 
========================================================================
Received Import Request.
  Time since last request: 9.540714 seconds.
  path: Assets/Textures/Run.png
  artifactKey: Guid(258173bcbad9d9d4fbb7b0e51e1a6eee) Importer(815301076,1909f56bfc062723c751e8b465ee728b)
Start importing Assets/Textures/Run.png using Guid(258173bcbad9d9d4fbb7b0e51e1a6eee) Importer(815301076,1909f56bfc062723c751e8b465ee728b)  -> (artifact id: '9a22072ccf6b6982842441fb5a240fc2') in 0.019332 seconds 
========================================================================
Received Import Request.
  Time since last request: 4.376758 seconds.
  path: Assets/Textures/Run.png
  artifactKey: Guid(258173bcbad9d9d4fbb7b0e51e1a6eee) Importer(815301076,1909f56bfc062723c751e8b465ee728b)
Start importing Assets/Textures/Run.png using Guid(258173bcbad9d9d4fbb7b0e51e1a6eee) Importer(815301076,1909f56bfc062723c751e8b465ee728b)  -> (artifact id: 'bf5b125aa6837889924fae3b4cd44567') in 0.031005 seconds 
========================================================================
Received Prepare
Registering precompiled user dll's ...
Registered in 0.003045 seconds.
Begin MonoManager ReloadAssembly
Native extension for WindowsStandalone target not found
Native extension for WebGL target not found
Refreshing native plugins compatible for Editor in 0.63 ms, found 0 plugins.
Preloading 0 native plugins for Editor in 0.00 ms.
Mono: successfully reloaded assembly
- Completed reload, in  1.338 seconds
Platform modules already initialized, skipping
Refreshing native plugins compatible for Editor in 0.62 ms, found 0 plugins.
Preloading 0 native plugins for Editor in 0.00 ms.
Unloading 1629 Unused Serialized files (Serialized files now loaded: 0)
System memory in use before: 80.4 MB.
System memory in use after: 80.5 MB.

Unloading 33 unused Assets to reduce memory usage. Loaded Objects now: 2276.
Total: 6.719700 ms (FindLiveObjects: 0.177900 ms CreateObjectMapping: 0.068300 ms MarkObjects: 6.438400 ms  DeleteObjects: 0.033200 ms)

========================================================================
Received Prepare
Registering precompiled user dll's ...
Registered in 0.002896 seconds.
Begin MonoManager ReloadAssembly
Native extension for WindowsStandalone target not found
Native extension for WebGL target not found
Refreshing native plugins compatible for Editor in 0.64 ms, found 0 plugins.
Preloading 0 native plugins for Editor in 0.00 ms.
Mono: successfully reloaded assembly
- Completed reload, in  1.339 seconds
Platform modules already initialized, skipping
Refreshing native plugins compatible for Editor in 0.60 ms, found 0 plugins.
Preloading 0 native plugins for Editor in 0.00 ms.
Unloading 1629 Unused Serialized files (Serialized files now loaded: 0)
System memory in use before: 80.5 MB.
System memory in use after: 80.6 MB.

Unloading 33 unused Assets to reduce memory usage. Loaded Objects now: 2279.
Total: 6.323000 ms (FindLiveObjects: 0.166700 ms CreateObjectMapping: 0.067500 ms MarkObjects: 6.048200 ms  DeleteObjects: 0.039200 ms)

========================================================================
Received Prepare
Registering precompiled user dll's ...
Registered in 0.002848 seconds.
Begin MonoManager ReloadAssembly
Native extension for WindowsStandalone target not found
Native extension for WebGL target not found
Refreshing native plugins compatible for Editor in 0.60 ms, found 0 plugins.
Preloading 0 native plugins for Editor in 0.00 ms.
Mono: successfully reloaded assembly
- Completed reload, in  1.313 seconds
Platform modules already initialized, skipping
Refreshing native plugins compatible for Editor in 0.58 ms, found 0 plugins.
Preloading 0 native plugins for Editor in 0.00 ms.
Unloading 1629 Unused Serialized files (Serialized files now loaded: 0)
System memory in use before: 80.5 MB.
System memory in use after: 80.6 MB.

Unloading 33 unused Assets to reduce memory usage. Loaded Objects now: 2282.
Total: 6.415500 ms (FindLiveObjects: 0.182100 ms CreateObjectMapping: 0.062200 ms MarkObjects: 6.136000 ms  DeleteObjects: 0.033600 ms)

========================================================================
Received Prepare
Registering precompiled user dll's ...
Registered in 0.003478 seconds.
Begin MonoManager ReloadAssembly
Native extension for WindowsStandalone target not found
Native extension for WebGL target not found
Refreshing native plugins compatible for Editor in 0.61 ms, found 0 plugins.
Preloading 0 native plugins for Editor in 0.00 ms.
Mono: successfully reloaded assembly
- Completed reload, in  1.360 seconds
Platform modules already initialized, skipping
Refreshing native plugins compatible for Editor in 0.58 ms, found 0 plugins.
Preloading 0 native plugins for Editor in 0.00 ms.
Unloading 1629 Unused Serialized files (Serialized files now loaded: 0)
System memory in use before: 80.6 MB.
System memory in use after: 80.7 MB.

Unloading 33 unused Assets to reduce memory usage. Loaded Objects now: 2285.
Total: 6.879000 ms (FindLiveObjects: 0.200100 ms CreateObjectMapping: 0.067900 ms MarkObjects: 6.575300 ms  DeleteObjects: 0.033900 ms)

========================================================================
Received Prepare
Registering precompiled user dll's ...
Registered in 0.003173 seconds.
Begin MonoManager ReloadAssembly
Native extension for WindowsStandalone target not found
Native extension for WebGL target not found
Refreshing native plugins compatible for Editor in 0.61 ms, found 0 plugins.
Preloading 0 native plugins for Editor in 0.00 ms.
Mono: successfully reloaded assembly
- Completed reload, in  1.316 seconds
Platform modules already initialized, skipping
Refreshing native plugins compatible for Editor in 0.59 ms, found 0 plugins.
Preloading 0 native plugins for Editor in 0.00 ms.
Unloading 1629 Unused Serialized files (Serialized files now loaded: 0)
System memory in use before: 80.6 MB.
System memory in use after: 80.7 MB.

Unloading 33 unused Assets to reduce memory usage. Loaded Objects now: 2288.
Total: 6.442300 ms (FindLiveObjects: 0.173100 ms CreateObjectMapping: 0.070300 ms MarkObjects: 6.167500 ms  DeleteObjects: 0.029800 ms)

========================================================================
Received Prepare
Registering precompiled user dll's ...
Registered in 0.003038 seconds.
Begin MonoManager ReloadAssembly
Native extension for WindowsStandalone target not found
Native extension for WebGL target not found
Refreshing native plugins compatible for Editor in 0.61 ms, found 0 plugins.
Preloading 0 native plugins for Editor in 0.00 ms.
Mono: successfully reloaded assembly
- Completed reload, in  1.291 seconds
Platform modules already initialized, skipping
Refreshing native plugins compatible for Editor in 0.59 ms, found 0 plugins.
Preloading 0 native plugins for Editor in 0.00 ms.
Unloading 1629 Unused Serialized files (Serialized files now loaded: 0)
System memory in use before: 80.7 MB.
System memory in use after: 80.8 MB.

Unloading 33 unused Assets to reduce memory usage. Loaded Objects now: 2291.
Total: 6.644200 ms (FindLiveObjects: 0.353000 ms CreateObjectMapping: 0.083600 ms MarkObjects: 6.172800 ms  DeleteObjects: 0.033300 ms)

========================================================================
Received Import Request.
  Time since last request: 548.151097 seconds.
  path: Assets/Textures/Aerial.png
  artifactKey: Guid(49c4bd6d800ec1c48966b3710e12b1ab) Importer(815301076,1909f56bfc062723c751e8b465ee728b)
Start importing Assets/Textures/Aerial.png using Guid(49c4bd6d800ec1c48966b3710e12b1ab) Importer(815301076,1909f56bfc062723c751e8b465ee728b)  -> (artifact id: '3855e1f1062dadf84f0dac0a4b907e71') in 0.080720 seconds 
========================================================================
Received Import Request.
  Time since last request: 2.061719 seconds.
  path: Assets/Textures/Air.png
  artifactKey: Guid(774a9491a6703dd4d84ca061d3e7876d) Importer(815301076,1909f56bfc062723c751e8b465ee728b)
Start importing Assets/Textures/Air.png using Guid(774a9491a6703dd4d84ca061d3e7876d) Importer(815301076,1909f56bfc062723c751e8b465ee728b)  -> (artifact id: 'df3215ceead62392ada40fb969162b62') in 0.013534 seconds 
========================================================================
Received Import Request.
  Time since last request: 7.080197 seconds.
  path: Assets/Textures/Kick.png
  artifactKey: Guid(9b289300df4d3674ea133e2edcab99a1) Importer(815301076,1909f56bfc062723c751e8b465ee728b)
Start importing Assets/Textures/Kick.png using Guid(9b289300df4d3674ea133e2edcab99a1) Importer(815301076,1909f56bfc062723c751e8b465ee728b)  -> (artifact id: 'cb4e759c8d9852b4e5351bec3894e234') in 0.035041 seconds 
========================================================================
Received Import Request.
  Time since last request: 3.625223 seconds.
  path: Assets/Textures/Run.png
  artifactKey: Guid(258173bcbad9d9d4fbb7b0e51e1a6eee) Importer(815301076,1909f56bfc062723c751e8b465ee728b)
Start importing Assets/Textures/Run.png using Guid(258173bcbad9d9d4fbb7b0e51e1a6eee) Importer(815301076,1909f56bfc062723c751e8b465ee728b)  -> (artifact id: '94523fb493908de8884d3a535aad52bc') in 0.027397 seconds 
========================================================================
Received Prepare
Registering precompiled user dll's ...
Registered in 0.003494 seconds.
Begin MonoManager ReloadAssembly
Native extension for WindowsStandalone target not found
Native extension for WebGL target not found
Refreshing native plugins compatible for Editor in 0.58 ms, found 0 plugins.
Preloading 0 native plugins for Editor in 0.00 ms.
Mono: successfully reloaded assembly
- Completed reload, in  1.365 seconds
Platform modules already initialized, skipping
Refreshing native plugins compatible for Editor in 0.59 ms, found 0 plugins.
Preloading 0 native plugins for Editor in 0.00 ms.
Unloading 1629 Unused Serialized files (Serialized files now loaded: 0)
System memory in use before: 82.2 MB.
System memory in use after: 82.3 MB.

Unloading 33 unused Assets to reduce memory usage. Loaded Objects now: 2351.
Total: 6.526400 ms (FindLiveObjects: 0.183600 ms CreateObjectMapping: 0.064700 ms MarkObjects: 6.240100 ms  DeleteObjects: 0.036600 ms)

========================================================================
Received Prepare
Registering precompiled user dll's ...
Registered in 0.002830 seconds.
Begin MonoManager ReloadAssembly
Native extension for WindowsStandalone target not found
Native extension for WebGL target not found
Refreshing native plugins compatible for Editor in 0.62 ms, found 0 plugins.
Preloading 0 native plugins for Editor in 0.00 ms.
Mono: successfully reloaded assembly
- Completed reload, in  1.379 seconds
Platform modules already initialized, skipping
Refreshing native plugins compatible for Editor in 0.65 ms, found 0 plugins.
Preloading 0 native plugins for Editor in 0.00 ms.
Unloading 1629 Unused Serialized files (Serialized files now loaded: 0)
System memory in use before: 82.2 MB.
System memory in use after: 82.3 MB.

Unloading 33 unused Assets to reduce memory usage. Loaded Objects now: 2354.
Total: 6.493800 ms (FindLiveObjects: 0.183400 ms CreateObjectMapping: 0.066600 ms MarkObjects: 6.196600 ms  DeleteObjects: 0.045300 ms)

========================================================================
Received Prepare
Registering precompiled user dll's ...
Registered in 0.003075 seconds.
Begin MonoManager ReloadAssembly
Native extension for WindowsStandalone target not found
Native extension for WebGL target not found
Refreshing native plugins compatible for Editor in 0.60 ms, found 0 plugins.
Preloading 0 native plugins for Editor in 0.00 ms.
Mono: successfully reloaded assembly
- Completed reload, in  1.385 seconds
Platform modules already initialized, skipping
Refreshing native plugins compatible for Editor in 0.60 ms, found 0 plugins.
Preloading 0 native plugins for Editor in 0.00 ms.
Unloading 1629 Unused Serialized files (Serialized files now loaded: 0)
System memory in use before: 82.3 MB.
System memory in use after: 82.4 MB.

Unloading 33 unused Assets to reduce memory usage. Loaded Objects now: 2357.
Total: 7.138900 ms (FindLiveObjects: 0.195700 ms CreateObjectMapping: 0.069900 ms MarkObjects: 6.841600 ms  DeleteObjects: 0.029700 ms)

========================================================================
Received Prepare
Registering precompiled user dll's ...
Registered in 0.003291 seconds.
Begin MonoManager ReloadAssembly
Native extension for WindowsStandalone target not found
Native extension for WebGL target not found
Refreshing native plugins compatible for Editor in 0.59 ms, found 0 plugins.
Preloading 0 native plugins for Editor in 0.00 ms.
Mono: successfully reloaded assembly
- Completed reload, in  1.318 seconds
Platform modules already initialized, skipping
Refreshing native plugins compatible for Editor in 0.58 ms, found 0 plugins.
Preloading 0 native plugins for Editor in 0.00 ms.
Unloading 1629 Unused Serialized files (Serialized files now loaded: 0)
System memory in use before: 82.2 MB.
System memory in use after: 82.4 MB.

Unloading 33 unused Assets to reduce memory usage. Loaded Objects now: 2360.
Total: 6.725000 ms (FindLiveObjects: 0.206600 ms CreateObjectMapping: 0.063500 ms MarkObjects: 6.416000 ms  DeleteObjects: 0.037300 ms)

========================================================================
Received Prepare
Registering precompiled user dll's ...
Registered in 0.002796 seconds.
Begin MonoManager ReloadAssembly
Native extension for WindowsStandalone target not found
Native extension for WebGL target not found
Refreshing native plugins compatible for Editor in 0.62 ms, found 0 plugins.
Preloading 0 native plugins for Editor in 0.00 ms.
Mono: successfully reloaded assembly
- Completed reload, in  1.332 seconds
Platform modules already initialized, skipping
Refreshing native plugins compatible for Editor in 0.59 ms, found 0 plugins.
Preloading 0 native plugins for Editor in 0.00 ms.
Unloading 1629 Unused Serialized files (Serialized files now loaded: 0)
System memory in use before: 82.3 MB.
System memory in use after: 82.5 MB.

Unloading 33 unused Assets to reduce memory usage. Loaded Objects now: 2363.
Total: 6.692800 ms (FindLiveObjects: 0.223400 ms CreateObjectMapping: 0.093200 ms MarkObjects: 6.315900 ms  DeleteObjects: 0.039100 ms)

========================================================================
Received Prepare
Registering precompiled user dll's ...
Registered in 0.003125 seconds.
Begin MonoManager ReloadAssembly
Native extension for WindowsStandalone target not found
Native extension for WebGL target not found
Refreshing native plugins compatible for Editor in 0.60 ms, found 0 plugins.
Preloading 0 native plugins for Editor in 0.00 ms.
Mono: successfully reloaded assembly
- Completed reload, in  1.324 seconds
Platform modules already initialized, skipping
Refreshing native plugins compatible for Editor in 0.59 ms, found 0 plugins.
Preloading 0 native plugins for Editor in 0.00 ms.
Unloading 1629 Unused Serialized files (Serialized files now loaded: 0)
System memory in use before: 82.3 MB.
System memory in use after: 82.4 MB.

Unloading 33 unused Assets to reduce memory usage. Loaded Objects now: 2366.
Total: 7.418900 ms (FindLiveObjects: 0.276500 ms CreateObjectMapping: 0.064500 ms MarkObjects: 7.034600 ms  DeleteObjects: 0.041100 ms)

========================================================================
Received Prepare
Registering precompiled user dll's ...
Registered in 0.003464 seconds.
Begin MonoManager ReloadAssembly
Native extension for WindowsStandalone target not found
Native extension for WebGL target not found
Refreshing native plugins compatible for Editor in 0.68 ms, found 0 plugins.
Preloading 0 native plugins for Editor in 0.00 ms.
Mono: successfully reloaded assembly
- Completed reload, in  1.374 seconds
Platform modules already initialized, skipping
Refreshing native plugins compatible for Editor in 0.59 ms, found 0 plugins.
Preloading 0 native plugins for Editor in 0.00 ms.
Unloading 1629 Unused Serialized files (Serialized files now loaded: 0)
System memory in use before: 82.4 MB.
System memory in use after: 82.5 MB.

Unloading 33 unused Assets to reduce memory usage. Loaded Objects now: 2369.
Total: 6.457200 ms (FindLiveObjects: 0.312000 ms CreateObjectMapping: 0.085400 ms MarkObjects: 6.023700 ms  DeleteObjects: 0.034400 ms)

========================================================================
Received Prepare
Registering precompiled user dll's ...
Registered in 0.003784 seconds.
Begin MonoManager ReloadAssembly
Native extension for WindowsStandalone target not found
Native extension for WebGL target not found
Refreshing native plugins compatible for Editor in 0.59 ms, found 0 plugins.
Preloading 0 native plugins for Editor in 0.00 ms.
Mono: successfully reloaded assembly
- Completed reload, in  1.338 seconds
Platform modules already initialized, skipping
Refreshing native plugins compatible for Editor in 0.61 ms, found 0 plugins.
Preloading 0 native plugins for Editor in 0.00 ms.
Unloading 1629 Unused Serialized files (Serialized files now loaded: 0)
System memory in use before: 82.3 MB.
System memory in use after: 82.4 MB.

Unloading 33 unused Assets to reduce memory usage. Loaded Objects now: 2372.
Total: 6.641200 ms (FindLiveObjects: 0.186600 ms CreateObjectMapping: 0.064200 ms MarkObjects: 6.353700 ms  DeleteObjects: 0.034200 ms)

========================================================================
Received Prepare
Registering precompiled user dll's ...
Registered in 0.005504 seconds.
Begin MonoManager ReloadAssembly
Native extension for WindowsStandalone target not found
Native extension for WebGL target not found
Refreshing native plugins compatible for Editor in 0.72 ms, found 0 plugins.
Preloading 0 native plugins for Editor in 0.00 ms.
Mono: successfully reloaded assembly
- Completed reload, in  1.550 seconds
Platform modules already initialized, skipping
Refreshing native plugins compatible for Editor in 0.64 ms, found 0 plugins.
Preloading 0 native plugins for Editor in 0.00 ms.
Unloading 1629 Unused Serialized files (Serialized files now loaded: 0)
System memory in use before: 82.4 MB.
System memory in use after: 82.5 MB.

Unloading 33 unused Assets to reduce memory usage. Loaded Objects now: 2375.
Total: 7.368500 ms (FindLiveObjects: 0.323200 ms CreateObjectMapping: 0.116700 ms MarkObjects: 6.898300 ms  DeleteObjects: 0.028100 ms)

========================================================================
Received Prepare
Registering precompiled user dll's ...
Registered in 0.003898 seconds.
Begin MonoManager ReloadAssembly
Native extension for WindowsStandalone target not found
Native extension for WebGL target not found
Refreshing native plugins compatible for Editor in 0.59 ms, found 0 plugins.
Preloading 0 native plugins for Editor in 0.00 ms.
Mono: successfully reloaded assembly
- Completed reload, in  1.284 seconds
Platform modules already initialized, skipping
Refreshing native plugins compatible for Editor in 0.57 ms, found 0 plugins.
Preloading 0 native plugins for Editor in 0.00 ms.
Unloading 1629 Unused Serialized files (Serialized files now loaded: 0)
System memory in use before: 82.3 MB.
System memory in use after: 82.4 MB.

Unloading 33 unused Assets to reduce memory usage. Loaded Objects now: 2378.
Total: 7.305800 ms (FindLiveObjects: 0.217700 ms CreateObjectMapping: 0.086800 ms MarkObjects: 6.963900 ms  DeleteObjects: 0.035600 ms)

========================================================================
Received Prepare
Registering precompiled user dll's ...
Registered in 0.003607 seconds.
Begin MonoManager ReloadAssembly
Native extension for WindowsStandalone target not found
Native extension for WebGL target not found
Refreshing native plugins compatible for Editor in 0.60 ms, found 0 plugins.
Preloading 0 native plugins for Editor in 0.00 ms.
Mono: successfully reloaded assembly
- Completed reload, in  1.305 seconds
Platform modules already initialized, skipping
Refreshing native plugins compatible for Editor in 0.60 ms, found 0 plugins.
Preloading 0 native plugins for Editor in 0.00 ms.
Unloading 1629 Unused Serialized files (Serialized files now loaded: 0)
System memory in use before: 82.4 MB.
System memory in use after: 82.5 MB.

Unloading 33 unused Assets to reduce memory usage. Loaded Objects now: 2381.
Total: 6.601600 ms (FindLiveObjects: 0.206600 ms CreateObjectMapping: 0.070000 ms MarkObjects: 6.278300 ms  DeleteObjects: 0.044800 ms)

========================================================================
Received Prepare
Registering precompiled user dll's ...
Registered in 0.004045 seconds.
Begin MonoManager ReloadAssembly
Native extension for WindowsStandalone target not found
Native extension for WebGL target not found
Refreshing native plugins compatible for Editor in 0.58 ms, found 0 plugins.
Preloading 0 native plugins for Editor in 0.00 ms.
Mono: successfully reloaded assembly
- Completed reload, in  1.285 seconds
Platform modules already initialized, skipping
Refreshing native plugins compatible for Editor in 0.59 ms, found 0 plugins.
Preloading 0 native plugins for Editor in 0.00 ms.
Unloading 1629 Unused Serialized files (Serialized files now loaded: 0)
System memory in use before: 82.3 MB.
System memory in use after: 82.4 MB.

Unloading 33 unused Assets to reduce memory usage. Loaded Objects now: 2384.
Total: 6.631000 ms (FindLiveObjects: 0.201300 ms CreateObjectMapping: 0.064200 ms MarkObjects: 6.331000 ms  DeleteObjects: 0.033100 ms)

========================================================================
Received Prepare
Registering precompiled user dll's ...
Registered in 0.002916 seconds.
Begin MonoManager ReloadAssembly
Native extension for WindowsStandalone target not found
Native extension for WebGL target not found
Refreshing native plugins compatible for Editor in 0.62 ms, found 0 plugins.
Preloading 0 native plugins for Editor in 0.00 ms.
Mono: successfully reloaded assembly
- Completed reload, in  1.329 seconds
Platform modules already initialized, skipping
Refreshing native plugins compatible for Editor in 0.60 ms, found 0 plugins.
Preloading 0 native plugins for Editor in 0.00 ms.
Unloading 1629 Unused Serialized files (Serialized files now loaded: 0)
System memory in use before: 82.4 MB.
System memory in use after: 82.5 MB.

Unloading 33 unused Assets to reduce memory usage. Loaded Objects now: 2387.
Total: 6.880400 ms (FindLiveObjects: 0.208800 ms CreateObjectMapping: 0.090300 ms MarkObjects: 6.540400 ms  DeleteObjects: 0.039400 ms)

========================================================================
Received Prepare
Registering precompiled user dll's ...
Registered in 0.002851 seconds.
Begin MonoManager ReloadAssembly
Native extension for WindowsStandalone target not found
Native extension for WebGL target not found
Refreshing native plugins compatible for Editor in 0.61 ms, found 0 plugins.
Preloading 0 native plugins for Editor in 0.00 ms.
Mono: successfully reloaded assembly
- Completed reload, in  1.398 seconds
Platform modules already initialized, skipping
Refreshing native plugins compatible for Editor in 0.60 ms, found 0 plugins.
Preloading 0 native plugins for Editor in 0.00 ms.
Unloading 1629 Unused Serialized files (Serialized files now loaded: 0)
System memory in use before: 82.3 MB.
System memory in use after: 82.4 MB.

Unloading 33 unused Assets to reduce memory usage. Loaded Objects now: 2390.
Total: 7.975000 ms (FindLiveObjects: 0.197200 ms CreateObjectMapping: 0.065400 ms MarkObjects: 7.675200 ms  DeleteObjects: 0.035100 ms)

========================================================================
Received Prepare
Registering precompiled user dll's ...
Registered in 0.003122 seconds.
Begin MonoManager ReloadAssembly
Native extension for WindowsStandalone target not found
Native extension for WebGL target not found
Refreshing native plugins compatible for Editor in 0.61 ms, found 0 plugins.
Preloading 0 native plugins for Editor in 0.00 ms.
Mono: successfully reloaded assembly
- Completed reload, in  1.304 seconds
Platform modules already initialized, skipping
Refreshing native plugins compatible for Editor in 0.65 ms, found 0 plugins.
Preloading 0 native plugins for Editor in 0.00 ms.
Unloading 1629 Unused Serialized files (Serialized files now loaded: 0)
System memory in use before: 82.4 MB.
System memory in use after: 82.5 MB.

Unloading 33 unused Assets to reduce memory usage. Loaded Objects now: 2393.
Total: 6.685700 ms (FindLiveObjects: 0.252100 ms CreateObjectMapping: 0.066100 ms MarkObjects: 6.333400 ms  DeleteObjects: 0.032400 ms)

========================================================================
Received Import Request.
  Time since last request: 1256.966900 seconds.
  path: Assets/Scenes
  artifactKey: Guid(a92a6ff6532175046a995f75bda94076) Importer(815301076,1909f56bfc062723c751e8b465ee728b)
Start importing Assets/Scenes using Guid(a92a6ff6532175046a995f75bda94076) Importer(815301076,1909f56bfc062723c751e8b465ee728b)  -> (artifact id: '28286f33769a640e7834b7fe878685df') in 0.016276 seconds 
========================================================================
Received Import Request.
  Time since last request: 78.857071 seconds.
  path: Assets/Scenes/MainMenu.unity
  artifactKey: Guid(d1041cad4ea1c094db1522abae00a85e) Importer(815301076,1909f56bfc062723c751e8b465ee728b)
Start importing Assets/Scenes/MainMenu.unity using Guid(d1041cad4ea1c094db1522abae00a85e) Importer(815301076,1909f56bfc062723c751e8b465ee728b)  -> (artifact id: '693d0ae6a5cb280d9f088b8cab98f589') in 0.023139 seconds 
========================================================================
Received Prepare
Registering precompiled user dll's ...
Registered in 0.002994 seconds.
Begin MonoManager ReloadAssembly
Native extension for WindowsStandalone target not found
Native extension for WebGL target not found
Refreshing native plugins compatible for Editor in 0.65 ms, found 0 plugins.
Preloading 0 native plugins for Editor in 0.00 ms.
Mono: successfully reloaded assembly
- Completed reload, in  1.280 seconds
Platform modules already initialized, skipping
Refreshing native plugins compatible for Editor in 0.59 ms, found 0 plugins.
Preloading 0 native plugins for Editor in 0.00 ms.
Unloading 1630 Unused Serialized files (Serialized files now loaded: 0)
System memory in use before: 82.5 MB.
System memory in use after: 82.6 MB.

Unloading 33 unused Assets to reduce memory usage. Loaded Objects now: 2397.
Total: 6.605800 ms (FindLiveObjects: 0.186000 ms CreateObjectMapping: 0.062300 ms MarkObjects: 6.321400 ms  DeleteObjects: 0.035000 ms)

========================================================================
Received Prepare
Registering precompiled user dll's ...
Registered in 0.002935 seconds.
Begin MonoManager ReloadAssembly
Native extension for WindowsStandalone target not found
Native extension for WebGL target not found
Refreshing native plugins compatible for Editor in 0.61 ms, found 0 plugins.
Preloading 0 native plugins for Editor in 0.00 ms.
Mono: successfully reloaded assembly
- Completed reload, in  1.281 seconds
Platform modules already initialized, skipping
Refreshing native plugins compatible for Editor in 0.62 ms, found 0 plugins.
Preloading 0 native plugins for Editor in 0.00 ms.
Unloading 1630 Unused Serialized files (Serialized files now loaded: 0)
System memory in use before: 82.6 MB.
System memory in use after: 82.7 MB.

Unloading 33 unused Assets to reduce memory usage. Loaded Objects now: 2400.
Total: 6.706500 ms (FindLiveObjects: 0.249800 ms CreateObjectMapping: 0.079900 ms MarkObjects: 6.341700 ms  DeleteObjects: 0.033600 ms)

========================================================================
Received Prepare
Registering precompiled user dll's ...
Registered in 0.002890 seconds.
Begin MonoManager ReloadAssembly
Native extension for WindowsStandalone target not found
Native extension for WebGL target not found
Refreshing native plugins compatible for Editor in 0.68 ms, found 0 plugins.
Preloading 0 native plugins for Editor in 0.00 ms.
Mono: successfully reloaded assembly
- Completed reload, in  1.411 seconds
Platform modules already initialized, skipping
Refreshing native plugins compatible for Editor in 0.60 ms, found 0 plugins.
Preloading 0 native plugins for Editor in 0.00 ms.
Unloading 1630 Unused Serialized files (Serialized files now loaded: 0)
System memory in use before: 82.5 MB.
System memory in use after: 82.6 MB.

Unloading 33 unused Assets to reduce memory usage. Loaded Objects now: 2403.
Total: 7.175500 ms (FindLiveObjects: 0.465800 ms CreateObjectMapping: 0.192900 ms MarkObjects: 6.487700 ms  DeleteObjects: 0.027000 ms)

========================================================================
Received Import Request.
  Time since last request: 3206.732346 seconds.
  path: Assets/Scenes/SampleScene.unity
  artifactKey: Guid(2cda990e2423bbf4892e6590ba056729) Importer(815301076,1909f56bfc062723c751e8b465ee728b)
Start importing Assets/Scenes/SampleScene.unity using Guid(2cda990e2423bbf4892e6590ba056729) Importer(815301076,1909f56bfc062723c751e8b465ee728b)  -> (artifact id: '39603939bc64a74a918f68d731d4842a') in 0.026368 seconds 
========================================================================
Received Import Request.
  Time since last request: 5.112936 seconds.
  path: Assets/Scenes/Level_1.unity
  artifactKey: Guid(2cda990e2423bbf4892e6590ba056729) Importer(815301076,1909f56bfc062723c751e8b465ee728b)
Start importing Assets/Scenes/Level_1.unity using Guid(2cda990e2423bbf4892e6590ba056729) Importer(815301076,1909f56bfc062723c751e8b465ee728b)  -> (artifact id: 'c80b4d5e0ad5d2a40c8d1fc55f5e7315') in 0.011294 seconds 
========================================================================
Received Prepare
Registering precompiled user dll's ...
Registered in 0.002869 seconds.
Begin MonoManager ReloadAssembly
Native extension for WindowsStandalone target not found
Native extension for WebGL target not found
Refreshing native plugins compatible for Editor in 0.59 ms, found 0 plugins.
Preloading 0 native plugins for Editor in 0.00 ms.
Mono: successfully reloaded assembly
- Completed reload, in  1.301 seconds
Platform modules already initialized, skipping
Refreshing native plugins compatible for Editor in 0.59 ms, found 0 plugins.
Preloading 0 native plugins for Editor in 0.00 ms.
Unloading 1630 Unused Serialized files (Serialized files now loaded: 0)
System memory in use before: 82.6 MB.
System memory in use after: 82.7 MB.

Unloading 33 unused Assets to reduce memory usage. Loaded Objects now: 2406.
Total: 6.844800 ms (FindLiveObjects: 0.269700 ms CreateObjectMapping: 0.081500 ms MarkObjects: 6.442400 ms  DeleteObjects: 0.049200 ms)

========================================================================
Received Prepare
Registering precompiled user dll's ...
Registered in 0.003693 seconds.
Begin MonoManager ReloadAssembly
Native extension for WindowsStandalone target not found
Native extension for WebGL target not found
Refreshing native plugins compatible for Editor in 0.60 ms, found 0 plugins.
Preloading 0 native plugins for Editor in 0.00 ms.
Mono: successfully reloaded assembly
- Completed reload, in  1.373 seconds
Platform modules already initialized, skipping
Refreshing native plugins compatible for Editor in 0.75 ms, found 0 plugins.
Preloading 0 native plugins for Editor in 0.00 ms.
Unloading 1630 Unused Serialized files (Serialized files now loaded: 0)
System memory in use before: 82.5 MB.
System memory in use after: 82.6 MB.

Unloading 33 unused Assets to reduce memory usage. Loaded Objects now: 2409.
Total: 7.178600 ms (FindLiveObjects: 0.688300 ms CreateObjectMapping: 0.075300 ms MarkObjects: 6.384400 ms  DeleteObjects: 0.028600 ms)

========================================================================
Received Prepare
Registering precompiled user dll's ...
Registered in 0.003668 seconds.
Begin MonoManager ReloadAssembly
Native extension for WindowsStandalone target not found
Native extension for WebGL target not found
Refreshing native plugins compatible for Editor in 0.61 ms, found 0 plugins.
Preloading 0 native plugins for Editor in 0.00 ms.
Mono: successfully reloaded assembly
- Completed reload, in  1.490 seconds
Platform modules already initialized, skipping
Refreshing native plugins compatible for Editor in 0.58 ms, found 0 plugins.
Preloading 0 native plugins for Editor in 0.00 ms.
Unloading 1630 Unused Serialized files (Serialized files now loaded: 0)
System memory in use before: 82.6 MB.
System memory in use after: 82.7 MB.

Unloading 33 unused Assets to reduce memory usage. Loaded Objects now: 2412.
Total: 6.748700 ms (FindLiveObjects: 0.236000 ms CreateObjectMapping: 0.062400 ms MarkObjects: 6.414500 ms  DeleteObjects: 0.034600 ms)

========================================================================
Received Prepare
Registering precompiled user dll's ...
Registered in 0.003825 seconds.
Begin MonoManager ReloadAssembly
Native extension for WindowsStandalone target not found
Native extension for WebGL target not found
Refreshing native plugins compatible for Editor in 0.62 ms, found 0 plugins.
Preloading 0 native plugins for Editor in 0.00 ms.
Mono: successfully reloaded assembly
- Completed reload, in  1.697 seconds
Platform modules already initialized, skipping
Refreshing native plugins compatible for Editor in 0.68 ms, found 0 plugins.
Preloading 0 native plugins for Editor in 0.00 ms.
Unloading 1630 Unused Serialized files (Serialized files now loaded: 0)
System memory in use before: 82.6 MB.
System memory in use after: 82.7 MB.

Unloading 33 unused Assets to reduce memory usage. Loaded Objects now: 2415.
Total: 9.591400 ms (FindLiveObjects: 0.219700 ms CreateObjectMapping: 0.076600 ms MarkObjects: 9.264600 ms  DeleteObjects: 0.028300 ms)

========================================================================
Received Prepare
Registering precompiled user dll's ...
Registered in 0.004166 seconds.
Begin MonoManager ReloadAssembly
Native extension for WindowsStandalone target not found
Native extension for WebGL target not found
Refreshing native plugins compatible for Editor in 0.75 ms, found 0 plugins.
Preloading 0 native plugins for Editor in 0.00 ms.
Mono: successfully reloaded assembly
- Completed reload, in  1.879 seconds
Platform modules already initialized, skipping
Refreshing native plugins compatible for Editor in 0.74 ms, found 0 plugins.
Preloading 0 native plugins for Editor in 0.00 ms.
Unloading 1630 Unused Serialized files (Serialized files now loaded: 0)
System memory in use before: 82.7 MB.
System memory in use after: 82.8 MB.

Unloading 33 unused Assets to reduce memory usage. Loaded Objects now: 2418.
Total: 7.588000 ms (FindLiveObjects: 0.248700 ms CreateObjectMapping: 0.083200 ms MarkObjects: 7.226000 ms  DeleteObjects: 0.028100 ms)

========================================================================
Received Prepare
Registering precompiled user dll's ...
Registered in 0.003234 seconds.
Begin MonoManager ReloadAssembly
Native extension for WindowsStandalone target not found
Native extension for WebGL target not found
Refreshing native plugins compatible for Editor in 0.59 ms, found 0 plugins.
Preloading 0 native plugins for Editor in 0.00 ms.
Mono: successfully reloaded assembly
- Completed reload, in  1.295 seconds
Platform modules already initialized, skipping
Refreshing native plugins compatible for Editor in 0.59 ms, found 0 plugins.
Preloading 0 native plugins for Editor in 0.00 ms.
Unloading 1630 Unused Serialized files (Serialized files now loaded: 0)
System memory in use before: 82.6 MB.
System memory in use after: 82.7 MB.

Unloading 33 unused Assets to reduce memory usage. Loaded Objects now: 2421.
Total: 6.796300 ms (FindLiveObjects: 0.238200 ms CreateObjectMapping: 0.067900 ms MarkObjects: 6.453800 ms  DeleteObjects: 0.034600 ms)

========================================================================
Received Prepare
Registering precompiled user dll's ...
Registered in 0.003224 seconds.
Begin MonoManager ReloadAssembly
Native extension for WindowsStandalone target not found
Native extension for WebGL target not found
Refreshing native plugins compatible for Editor in 0.59 ms, found 0 plugins.
Preloading 0 native plugins for Editor in 0.00 ms.
Mono: successfully reloaded assembly
- Completed reload, in  1.309 seconds
Platform modules already initialized, skipping
Refreshing native plugins compatible for Editor in 0.59 ms, found 0 plugins.
Preloading 0 native plugins for Editor in 0.00 ms.
Unloading 1630 Unused Serialized files (Serialized files now loaded: 0)
System memory in use before: 82.7 MB.
System memory in use after: 82.8 MB.

Unloading 33 unused Assets to reduce memory usage. Loaded Objects now: 2424.
Total: 6.595200 ms (FindLiveObjects: 0.250500 ms CreateObjectMapping: 0.064900 ms MarkObjects: 6.247700 ms  DeleteObjects: 0.030500 ms)

========================================================================
Received Prepare
Registering precompiled user dll's ...
Registered in 0.002842 seconds.
Begin MonoManager ReloadAssembly
Native extension for WindowsStandalone target not found
Native extension for WebGL target not found
Refreshing native plugins compatible for Editor in 0.68 ms, found 0 plugins.
Preloading 0 native plugins for Editor in 0.00 ms.
Mono: successfully reloaded assembly
- Completed reload, in  1.302 seconds
Platform modules already initialized, skipping
Refreshing native plugins compatible for Editor in 0.62 ms, found 0 plugins.
Preloading 0 native plugins for Editor in 0.00 ms.
Unloading 1630 Unused Serialized files (Serialized files now loaded: 0)
System memory in use before: 82.6 MB.
System memory in use after: 82.7 MB.

Unloading 33 unused Assets to reduce memory usage. Loaded Objects now: 2427.
Total: 6.896100 ms (FindLiveObjects: 0.226000 ms CreateObjectMapping: 0.082600 ms MarkObjects: 6.550900 ms  DeleteObjects: 0.035000 ms)

========================================================================
Received Prepare
Registering precompiled user dll's ...
Registered in 0.003254 seconds.
Begin MonoManager ReloadAssembly
Native extension for WindowsStandalone target not found
Native extension for WebGL target not found
Refreshing native plugins compatible for Editor in 0.64 ms, found 0 plugins.
Preloading 0 native plugins for Editor in 0.00 ms.
Mono: successfully reloaded assembly
- Completed reload, in  1.284 seconds
Platform modules already initialized, skipping
Refreshing native plugins compatible for Editor in 0.57 ms, found 0 plugins.
Preloading 0 native plugins for Editor in 0.00 ms.
Unloading 1630 Unused Serialized files (Serialized files now loaded: 0)
System memory in use before: 82.7 MB.
System memory in use after: 82.8 MB.

Unloading 33 unused Assets to reduce memory usage. Loaded Objects now: 2430.
Total: 6.585200 ms (FindLiveObjects: 0.332200 ms CreateObjectMapping: 0.065800 ms MarkObjects: 6.153800 ms  DeleteObjects: 0.031700 ms)

========================================================================
Received Prepare
Registering precompiled user dll's ...
Registered in 0.002950 seconds.
Begin MonoManager ReloadAssembly
Native extension for WindowsStandalone target not found
Native extension for WebGL target not found
Refreshing native plugins compatible for Editor in 0.61 ms, found 0 plugins.
Preloading 0 native plugins for Editor in 0.00 ms.
Mono: successfully reloaded assembly
- Completed reload, in  1.330 seconds
Platform modules already initialized, skipping
Refreshing native plugins compatible for Editor in 0.61 ms, found 0 plugins.
Preloading 0 native plugins for Editor in 0.00 ms.
Unloading 1630 Unused Serialized files (Serialized files now loaded: 0)
System memory in use before: 82.6 MB.
System memory in use after: 82.7 MB.

Unloading 33 unused Assets to reduce memory usage. Loaded Objects now: 2433.
Total: 6.595300 ms (FindLiveObjects: 0.261300 ms CreateObjectMapping: 0.065400 ms MarkObjects: 6.234100 ms  DeleteObjects: 0.032700 ms)

========================================================================
Received Prepare
Registering precompiled user dll's ...
Registered in 0.002902 seconds.
Begin MonoManager ReloadAssembly
Native extension for WindowsStandalone target not found
Native extension for WebGL target not found
Refreshing native plugins compatible for Editor in 0.60 ms, found 0 plugins.
Preloading 0 native plugins for Editor in 0.00 ms.
Mono: successfully reloaded assembly
- Completed reload, in  1.291 seconds
Platform modules already initialized, skipping
Refreshing native plugins compatible for Editor in 0.56 ms, found 0 plugins.
Preloading 0 native plugins for Editor in 0.00 ms.
Unloading 1630 Unused Serialized files (Serialized files now loaded: 0)
System memory in use before: 82.7 MB.
System memory in use after: 82.8 MB.

Unloading 33 unused Assets to reduce memory usage. Loaded Objects now: 2436.
Total: 6.823100 ms (FindLiveObjects: 0.307200 ms CreateObjectMapping: 0.068600 ms MarkObjects: 6.410400 ms  DeleteObjects: 0.035600 ms)

========================================================================
Received Import Request.
  Time since last request: 2704.914232 seconds.
  path: Assets/Scenes/Level_1 1.unity
  artifactKey: Guid(1a29a2d87649e15448787715dbecda05) Importer(815301076,1909f56bfc062723c751e8b465ee728b)
Start importing Assets/Scenes/Level_1 1.unity using Guid(1a29a2d87649e15448787715dbecda05) Importer(815301076,1909f56bfc062723c751e8b465ee728b)  -> (artifact id: 'f41f13a0279cc1d8c7562ec5377e7519') in 0.040597 seconds 
========================================================================
Received Import Request.
  Time since last request: 4.799235 seconds.
  path: Assets/Scenes/Level_2.unity
  artifactKey: Guid(1a29a2d87649e15448787715dbecda05) Importer(815301076,1909f56bfc062723c751e8b465ee728b)
Start importing Assets/Scenes/Level_2.unity using Guid(1a29a2d87649e15448787715dbecda05) Importer(815301076,1909f56bfc062723c751e8b465ee728b)  -> (artifact id: '51e1a8f528c2d2e9989276f05ae797af') in 0.011548 seconds 
========================================================================
Received Import Request.
  Time since last request: 2.150318 seconds.
  path: Assets/Scenes/Level_2 1.unity
  artifactKey: Guid(39d80b7fb51533e4ea8f9d1c1dda9f9e) Importer(815301076,1909f56bfc062723c751e8b465ee728b)
Start importing Assets/Scenes/Level_2 1.unity using Guid(39d80b7fb51533e4ea8f9d1c1dda9f9e) Importer(815301076,1909f56bfc062723c751e8b465ee728b)  -> (artifact id: 'c65ec25619e1972bcc96cdab92e2995b') in 0.014514 seconds 
========================================================================
Received Import Request.
  Time since last request: 4.837149 seconds.
  path: Assets/Scenes/Level_3.unity
  artifactKey: Guid(39d80b7fb51533e4ea8f9d1c1dda9f9e) Importer(815301076,1909f56bfc062723c751e8b465ee728b)
Start importing Assets/Scenes/Level_3.unity using Guid(39d80b7fb51533e4ea8f9d1c1dda9f9e) Importer(815301076,1909f56bfc062723c751e8b465ee728b)  -> (artifact id: 'c47472a1290682b02396eff4c07956dc') in 0.011302 seconds 
========================================================================
Received Prepare
Registering precompiled user dll's ...
Registered in 0.003853 seconds.
Begin MonoManager ReloadAssembly
Native extension for WindowsStandalone target not found
Native extension for WebGL target not found
Refreshing native plugins compatible for Editor in 0.62 ms, found 0 plugins.
Preloading 0 native plugins for Editor in 0.00 ms.
Mono: successfully reloaded assembly
- Completed reload, in  1.387 seconds
Platform modules already initialized, skipping
Refreshing native plugins compatible for Editor in 1.05 ms, found 0 plugins.
Preloading 0 native plugins for Editor in 0.00 ms.
Unloading 1630 Unused Serialized files (Serialized files now loaded: 0)
System memory in use before: 82.6 MB.
System memory in use after: 82.7 MB.

Unloading 33 unused Assets to reduce memory usage. Loaded Objects now: 2439.
Total: 6.606500 ms (FindLiveObjects: 0.234200 ms CreateObjectMapping: 0.072000 ms MarkObjects: 6.266300 ms  DeleteObjects: 0.032600 ms)

========================================================================
Received Prepare
Registering precompiled user dll's ...
Registered in 0.002820 seconds.
Begin MonoManager ReloadAssembly
Native extension for WindowsStandalone target not found
Native extension for WebGL target not found
Refreshing native plugins compatible for Editor in 0.58 ms, found 0 plugins.
Preloading 0 native plugins for Editor in 0.00 ms.
Mono: successfully reloaded assembly
- Completed reload, in  1.243 seconds
Platform modules already initialized, skipping
Refreshing native plugins compatible for Editor in 0.58 ms, found 0 plugins.
Preloading 0 native plugins for Editor in 0.00 ms.
Unloading 1630 Unused Serialized files (Serialized files now loaded: 0)
System memory in use before: 82.7 MB.
System memory in use after: 82.8 MB.

Unloading 33 unused Assets to reduce memory usage. Loaded Objects now: 2442.
Total: 6.961700 ms (FindLiveObjects: 0.224600 ms CreateObjectMapping: 0.071600 ms MarkObjects: 6.631300 ms  DeleteObjects: 0.032400 ms)

========================================================================
Received Prepare
Registering precompiled user dll's ...
Registered in 0.003084 seconds.
Begin MonoManager ReloadAssembly
Native extension for WindowsStandalone target not found
Native extension for WebGL target not found
Refreshing native plugins compatible for Editor in 0.60 ms, found 0 plugins.
Preloading 0 native plugins for Editor in 0.00 ms.
Mono: successfully reloaded assembly
- Completed reload, in  1.282 seconds
Platform modules already initialized, skipping
Refreshing native plugins compatible for Editor in 0.66 ms, found 0 plugins.
Preloading 0 native plugins for Editor in 0.00 ms.
Unloading 1630 Unused Serialized files (Serialized files now loaded: 0)
System memory in use before: 82.7 MB.
System memory in use after: 82.8 MB.

Unloading 33 unused Assets to reduce memory usage. Loaded Objects now: 2445.
Total: 6.817400 ms (FindLiveObjects: 0.319700 ms CreateObjectMapping: 0.126700 ms MarkObjects: 6.332100 ms  DeleteObjects: 0.037300 ms)

========================================================================
Received Prepare
Registering precompiled user dll's ...
Registered in 0.002965 seconds.
Begin MonoManager ReloadAssembly
Native extension for WindowsStandalone target not found
Native extension for WebGL target not found
Refreshing native plugins compatible for Editor in 0.62 ms, found 0 plugins.
Preloading 0 native plugins for Editor in 0.00 ms.
Mono: successfully reloaded assembly
- Completed reload, in  1.298 seconds
Platform modules already initialized, skipping
Refreshing native plugins compatible for Editor in 0.67 ms, found 0 plugins.
Preloading 0 native plugins for Editor in 0.00 ms.
Unloading 1630 Unused Serialized files (Serialized files now loaded: 0)
System memory in use before: 82.8 MB.
System memory in use after: 82.9 MB.

Unloading 33 unused Assets to reduce memory usage. Loaded Objects now: 2448.
Total: 6.887100 ms (FindLiveObjects: 0.209000 ms CreateObjectMapping: 0.069000 ms MarkObjects: 6.567200 ms  DeleteObjects: 0.040100 ms)

========================================================================
Received Prepare
Registering precompiled user dll's ...
Registered in 0.003592 seconds.
Begin MonoManager ReloadAssembly
Native extension for WindowsStandalone target not found
Native extension for WebGL target not found
Refreshing native plugins compatible for Editor in 0.65 ms, found 0 plugins.
Preloading 0 native plugins for Editor in 0.00 ms.
Mono: successfully reloaded assembly
- Completed reload, in  1.318 seconds
Platform modules already initialized, skipping
Refreshing native plugins compatible for Editor in 0.59 ms, found 0 plugins.
Preloading 0 native plugins for Editor in 0.00 ms.
Unloading 1630 Unused Serialized files (Serialized files now loaded: 0)
System memory in use before: 82.7 MB.
System memory in use after: 82.8 MB.

Unloading 33 unused Assets to reduce memory usage. Loaded Objects now: 2451.
Total: 6.534100 ms (FindLiveObjects: 0.196300 ms CreateObjectMapping: 0.065100 ms MarkObjects: 6.240700 ms  DeleteObjects: 0.030500 ms)

========================================================================
Received Prepare
Registering precompiled user dll's ...
Registered in 0.002773 seconds.
Begin MonoManager ReloadAssembly
Native extension for WindowsStandalone target not found
Native extension for WebGL target not found
Refreshing native plugins compatible for Editor in 0.59 ms, found 0 plugins.
Preloading 0 native plugins for Editor in 0.00 ms.
Mono: successfully reloaded assembly
- Completed reload, in  1.279 seconds
Platform modules already initialized, skipping
Refreshing native plugins compatible for Editor in 0.58 ms, found 0 plugins.
Preloading 0 native plugins for Editor in 0.00 ms.
Unloading 1630 Unused Serialized files (Serialized files now loaded: 0)
System memory in use before: 82.8 MB.
System memory in use after: 82.9 MB.

Unloading 33 unused Assets to reduce memory usage. Loaded Objects now: 2454.
Total: 6.632100 ms (FindLiveObjects: 0.239700 ms CreateObjectMapping: 0.065700 ms MarkObjects: 6.291900 ms  DeleteObjects: 0.033300 ms)

========================================================================
Received Import Request.
  Time since last request: 454.863113 seconds.
  path: Assets/Scenes/Level_2.unity
  artifactKey: Guid(1a29a2d87649e15448787715dbecda05) Importer(815301076,1909f56bfc062723c751e8b465ee728b)
Start importing Assets/Scenes/Level_2.unity using Guid(1a29a2d87649e15448787715dbecda05) Importer(815301076,1909f56bfc062723c751e8b465ee728b)  -> (artifact id: '1177ec568d9d05f9991515baf594915b') in 0.023970 seconds 
========================================================================
Received Import Request.
  Time since last request: 2.784594 seconds.
  path: Assets/Scenes/Level_3.unity
  artifactKey: Guid(39d80b7fb51533e4ea8f9d1c1dda9f9e) Importer(815301076,1909f56bfc062723c751e8b465ee728b)
Start importing Assets/Scenes/Level_3.unity using Guid(39d80b7fb51533e4ea8f9d1c1dda9f9e) Importer(815301076,1909f56bfc062723c751e8b465ee728b)  -> (artifact id: '2f4d9871dc393ec305f68ceefc30d94a') in 0.012168 seconds 
========================================================================
Received Prepare
Registering precompiled user dll's ...
Registered in 0.002683 seconds.
Begin MonoManager ReloadAssembly
Native extension for WindowsStandalone target not found
Native extension for WebGL target not found
Refreshing native plugins compatible for Editor in 0.62 ms, found 0 plugins.
Preloading 0 native plugins for Editor in 0.00 ms.
Mono: successfully reloaded assembly
- Completed reload, in  1.274 seconds
Platform modules already initialized, skipping
Refreshing native plugins compatible for Editor in 0.99 ms, found 0 plugins.
Preloading 0 native plugins for Editor in 0.00 ms.
Unloading 1630 Unused Serialized files (Serialized files now loaded: 0)
System memory in use before: 82.7 MB.
System memory in use after: 82.8 MB.

Unloading 33 unused Assets to reduce memory usage. Loaded Objects now: 2457.
Total: 6.560100 ms (FindLiveObjects: 0.193300 ms CreateObjectMapping: 0.065500 ms MarkObjects: 6.265500 ms  DeleteObjects: 0.034200 ms)

========================================================================
Received Import Request.
  Time since last request: 11.514205 seconds.
  path: Assets/Scenes/Level_33.unity
  artifactKey: Guid(2cda990e2423bbf4892e6590ba056729) Importer(815301076,1909f56bfc062723c751e8b465ee728b)
Start importing Assets/Scenes/Level_33.unity using Guid(2cda990e2423bbf4892e6590ba056729) Importer(815301076,1909f56bfc062723c751e8b465ee728b)  -> (artifact id: '110ba3265b67a87b046c07dd698ac1fd') in 0.024513 seconds 
========================================================================
Received Import Request.
  Time since last request: 11.984690 seconds.
  path: Assets/Scenes/Level_1.unity
  artifactKey: Guid(39d80b7fb51533e4ea8f9d1c1dda9f9e) Importer(815301076,1909f56bfc062723c751e8b465ee728b)
Start importing Assets/Scenes/Level_1.unity using Guid(39d80b7fb51533e4ea8f9d1c1dda9f9e) Importer(815301076,1909f56bfc062723c751e8b465ee728b)  -> (artifact id: 'b2e55417cab2b18420b55837e7e7bb80') in 0.011069 seconds 
========================================================================
Received Import Request.
  Time since last request: 5.755981 seconds.
  path: Assets/Scenes/Level_3.unity
  artifactKey: Guid(2cda990e2423bbf4892e6590ba056729) Importer(815301076,1909f56bfc062723c751e8b465ee728b)
Start importing Assets/Scenes/Level_3.unity using Guid(2cda990e2423bbf4892e6590ba056729) Importer(815301076,1909f56bfc062723c751e8b465ee728b)  -> (artifact id: 'b47a94b3e3daea1760553477dfe02812') in 0.006011 seconds 
========================================================================
Received Import Request.
  Time since last request: 52.311690 seconds.
  path: Assets/Scenes/Level_1.unity
  artifactKey: Guid(39d80b7fb51533e4ea8f9d1c1dda9f9e) Importer(815301076,1909f56bfc062723c751e8b465ee728b)
Start importing Assets/Scenes/Level_1.unity using Guid(39d80b7fb51533e4ea8f9d1c1dda9f9e) Importer(815301076,1909f56bfc062723c751e8b465ee728b)  -> (artifact id: '1af0e3418e7e0e8b6392a115b4758b35') in 0.012630 seconds 
========================================================================
Received Prepare
Registering precompiled user dll's ...
Registered in 0.002719 seconds.
Begin MonoManager ReloadAssembly
Native extension for WindowsStandalone target not found
Native extension for WebGL target not found
Refreshing native plugins compatible for Editor in 0.68 ms, found 0 plugins.
Preloading 0 native plugins for Editor in 0.00 ms.
Mono: successfully reloaded assembly
- Completed reload, in  1.347 seconds
Platform modules already initialized, skipping
Refreshing native plugins compatible for Editor in 0.61 ms, found 0 plugins.
Preloading 0 native plugins for Editor in 0.00 ms.
Unloading 1630 Unused Serialized files (Serialized files now loaded: 0)
System memory in use before: 82.8 MB.
System memory in use after: 82.9 MB.

Unloading 33 unused Assets to reduce memory usage. Loaded Objects now: 2460.
Total: 6.289900 ms (FindLiveObjects: 0.211100 ms CreateObjectMapping: 0.067800 ms MarkObjects: 5.976200 ms  DeleteObjects: 0.033200 ms)

========================================================================
Received Import Request.
  Time since last request: 27.607840 seconds.
  path: Assets/Scenes/MainMenu.unity
  artifactKey: Guid(d1041cad4ea1c094db1522abae00a85e) Importer(815301076,1909f56bfc062723c751e8b465ee728b)
Start importing Assets/Scenes/MainMenu.unity using Guid(d1041cad4ea1c094db1522abae00a85e) Importer(815301076,1909f56bfc062723c751e8b465ee728b)  -> (artifact id: 'c2dc55dd34a6b6a4c8a685683ed82ce0') in 0.023529 seconds 
========================================================================
Received Prepare
Registering precompiled user dll's ...
Registered in 0.002762 seconds.
Begin MonoManager ReloadAssembly
Native extension for WindowsStandalone target not found
Native extension for WebGL target not found
Refreshing native plugins compatible for Editor in 0.62 ms, found 0 plugins.
Preloading 0 native plugins for Editor in 0.00 ms.
Mono: successfully reloaded assembly
- Completed reload, in  1.338 seconds
Platform modules already initialized, skipping
Refreshing native plugins compatible for Editor in 0.60 ms, found 0 plugins.
Preloading 0 native plugins for Editor in 0.00 ms.
Unloading 1630 Unused Serialized files (Serialized files now loaded: 0)
System memory in use before: 82.7 MB.
System memory in use after: 82.9 MB.

Unloading 33 unused Assets to reduce memory usage. Loaded Objects now: 2463.
Total: 6.894300 ms (FindLiveObjects: 0.421000 ms CreateObjectMapping: 0.066300 ms MarkObjects: 6.363800 ms  DeleteObjects: 0.041400 ms)

========================================================================
Received Prepare
Registering precompiled user dll's ...
Registered in 0.002899 seconds.
Begin MonoManager ReloadAssembly
Native extension for WindowsStandalone target not found
Native extension for WebGL target not found
Refreshing native plugins compatible for Editor in 0.63 ms, found 0 plugins.
Preloading 0 native plugins for Editor in 0.00 ms.
Mono: successfully reloaded assembly
- Completed reload, in  1.262 seconds
Platform modules already initialized, skipping
Refreshing native plugins compatible for Editor in 0.61 ms, found 0 plugins.
Preloading 0 native plugins for Editor in 0.00 ms.
Unloading 1630 Unused Serialized files (Serialized files now loaded: 0)
System memory in use before: 82.8 MB.
System memory in use after: 83.0 MB.

Unloading 33 unused Assets to reduce memory usage. Loaded Objects now: 2466.
Total: 6.712300 ms (FindLiveObjects: 0.282700 ms CreateObjectMapping: 0.062400 ms MarkObjects: 6.335200 ms  DeleteObjects: 0.030400 ms)

========================================================================
Received Prepare
Registering precompiled user dll's ...
Registered in 0.037739 seconds.
Begin MonoManager ReloadAssembly
Native extension for WindowsStandalone target not found
Native extension for WebGL target not found
Refreshing native plugins compatible for Editor in 0.74 ms, found 0 plugins.
Preloading 0 native plugins for Editor in 0.00 ms.
Mono: successfully reloaded assembly
- Completed reload, in  2.075 seconds
Platform modules already initialized, skipping
Refreshing native plugins compatible for Editor in 0.61 ms, found 0 plugins.
Preloading 0 native plugins for Editor in 0.00 ms.
Unloading 1630 Unused Serialized files (Serialized files now loaded: 0)
System memory in use before: 83.0 MB.
System memory in use after: 83.1 MB.

Unloading 33 unused Assets to reduce memory usage. Loaded Objects now: 2469.
Total: 20.031800 ms (FindLiveObjects: 0.269500 ms CreateObjectMapping: 0.098300 ms MarkObjects: 19.628300 ms  DeleteObjects: 0.033700 ms)

========================================================================
Received Prepare
Registering precompiled user dll's ...
Registered in 0.003957 seconds.
Begin MonoManager ReloadAssembly
Native extension for WindowsStandalone target not found
Native extension for WebGL target not found
Refreshing native plugins compatible for Editor in 0.62 ms, found 0 plugins.
Preloading 0 native plugins for Editor in 0.00 ms.
Mono: successfully reloaded assembly
- Completed reload, in  1.516 seconds
Platform modules already initialized, skipping
Refreshing native plugins compatible for Editor in 0.61 ms, found 0 plugins.
Preloading 0 native plugins for Editor in 0.00 ms.
Unloading 1630 Unused Serialized files (Serialized files now loaded: 0)
System memory in use before: 83.1 MB.
System memory in use after: 83.2 MB.

Unloading 33 unused Assets to reduce memory usage. Loaded Objects now: 2472.
Total: 7.073300 ms (FindLiveObjects: 0.225900 ms CreateObjectMapping: 0.066600 ms MarkObjects: 6.735500 ms  DeleteObjects: 0.042800 ms)

AssetImportWorkerClient::OnTransportError - code=2 error=End of file
