Using pre-set license
Built from '2021.1/release' branch; Version is '2021.1.1f1 (6fdc41dfa55a) revision 7330881'; Using compiler version '192528614'; Build Type 'Release'
OS: 'Windows 10 Home; OS build 19041.1052; Version 2004; 64bit' Language: 'en' Physical Memory: 16360 MB
BatchMode: 1, IsHumanControllingUs: 0, StartBugReporterOnCrash: 0, Is64bit: 1, IsPro: 0

 COMMAND LINE ARGUMENTS:
C:\Program Files\Unity\Hub\Editor\2021.1.1f1\Editor\Unity.exe
-adb2
-batchMode
-noUpm
-name
AssetImportWorker5
-projectPath
C:/Users/CoghD/Documents/GitHub/WebGame
-logFile
Logs/AssetImportWorker5.log
-srvPort
61518
Successfully changed project path to: C:/Users/CoghD/Documents/GitHub/WebGame
C:/Users/CoghD/Documents/GitHub/WebGame
Using Asset Import Pipeline V2.
Refreshing native plugins compatible for Editor in 70.73 ms, found 0 plugins.
Preloading 0 native plugins for Editor in 0.00 ms.
Initialize engine version: 2021.1.1f1 (6fdc41dfa55a)
[Subsystems] Discovering subsystems at path C:/Program Files/Unity/Hub/Editor/2021.1.1f1/Editor/Data/Resources/UnitySubsystems
[Subsystems] Discovering subsystems at path C:/Users/CoghD/Documents/GitHub/WebGame/Assets
GfxDevice: creating device client; threaded=0; jobified=0
Direct3D:
    Version:  Direct3D 11.0 [level 11.1]
    Renderer: AMD Radeon HD 7900 Series (ID=0x679a)
    Vendor:   ATI
    VRAM:     3051 MB
    Driver:   27.20.1034.6
Initialize mono
Mono path[0] = 'C:/Program Files/Unity/Hub/Editor/2021.1.1f1/Editor/Data/Managed'
Mono path[1] = 'C:/Program Files/Unity/Hub/Editor/2021.1.1f1/Editor/Data/MonoBleedingEdge/lib/mono/unityjit'
Mono config path = 'C:/Program Files/Unity/Hub/Editor/2021.1.1f1/Editor/Data/MonoBleedingEdge/etc'
Using monoOptions --debugger-agent=transport=dt_socket,embedding=1,server=y,suspend=n,address=127.0.0.1:56140
Begin MonoManager ReloadAssembly
Registering precompiled unity dll's ...
Register platform support module: C:/Program Files/Unity/Hub/Editor/2021.1.1f1/Editor/Data/PlaybackEngines/WebGLSupport/UnityEditor.WebGL.Extensions.dll
Register platform support module: C:/Program Files/Unity/Hub/Editor/2021.1.1f1/Editor/Data/PlaybackEngines/WindowsStandaloneSupport/UnityEditor.WindowsStandalone.Extensions.dll
Registered in 0.003643 seconds.
Native extension for WindowsStandalone target not found
Native extension for WebGL target not found
Refreshing native plugins compatible for Editor in 61.82 ms, found 0 plugins.
Preloading 0 native plugins for Editor in 0.00 ms.
Mono: successfully reloaded assembly
- Completed reload, in  2.145 seconds
Platform modules already initialized, skipping
Registering precompiled user dll's ...
Registered in 0.003091 seconds.
Begin MonoManager ReloadAssembly
Native extension for WindowsStandalone target not found
Native extension for WebGL target not found
Refreshing native plugins compatible for Editor in 0.62 ms, found 0 plugins.
Preloading 0 native plugins for Editor in 0.00 ms.
Mono: successfully reloaded assembly
- Completed reload, in  1.410 seconds
Platform modules already initialized, skipping
========================================================================
Worker process is ready to serve import requests
Launched and connected shader compiler UnityShaderCompiler.exe after 0.09 seconds
Refreshing native plugins compatible for Editor in 0.65 ms, found 0 plugins.
Preloading 0 native plugins for Editor in 0.00 ms.
Unloading 1765 Unused Serialized files (Serialized files now loaded: 0)
System memory in use before: 81.7 MB.
System memory in use after: 81.8 MB.

Unloading 42 unused Assets to reduce memory usage. Loaded Objects now: 2205.
Total: 6.748900 ms (FindLiveObjects: 0.194700 ms CreateObjectMapping: 0.103700 ms MarkObjects: 6.353700 ms  DeleteObjects: 0.095100 ms)

========================================================================
Received Prepare
Registering precompiled user dll's ...
Registered in 0.003785 seconds.
Begin MonoManager ReloadAssembly
Native extension for WindowsStandalone target not found
Native extension for WebGL target not found
Refreshing native plugins compatible for Editor in 0.64 ms, found 0 plugins.
Preloading 0 native plugins for Editor in 0.00 ms.
Mono: successfully reloaded assembly
- Completed reload, in  1.454 seconds
Platform modules already initialized, skipping
Refreshing native plugins compatible for Editor in 0.62 ms, found 0 plugins.
Preloading 0 native plugins for Editor in 0.00 ms.
Unloading 1733 Unused Serialized files (Serialized files now loaded: 0)
System memory in use before: 78.9 MB.
System memory in use after: 79.1 MB.

Unloading 33 unused Assets to reduce memory usage. Loaded Objects now: 2208.
Total: 7.063600 ms (FindLiveObjects: 0.172700 ms CreateObjectMapping: 0.068500 ms MarkObjects: 6.795500 ms  DeleteObjects: 0.025000 ms)

========================================================================
Received Import Request.
  path: Assets/Audio/HurtSound.wav
  artifactKey: Guid(b0f15bee2ac9f5040858a2910ed7e8fb) Importer(815301076,1909f56bfc062723c751e8b465ee728b)
Start importing Assets/Audio/HurtSound.wav using Guid(b0f15bee2ac9f5040858a2910ed7e8fb) Importer(815301076,1909f56bfc062723c751e8b465ee728b)  -> (artifact id: '7f290197360320217592ab5613c52aa7') in 0.337598 seconds 
========================================================================
Received Import Request.
  Time since last request: 2.464377 seconds.
  path: Assets/Prefabs/Player.prefab
  artifactKey: Guid(3fb87e81254d03c4faa466f52efa7f0c) Importer(815301076,1909f56bfc062723c751e8b465ee728b)
Start importing Assets/Prefabs/Player.prefab using Guid(3fb87e81254d03c4faa466f52efa7f0c) Importer(815301076,1909f56bfc062723c751e8b465ee728b)  -> (artifact id: '8a971030b49a4ba6d5268755ca1c933b') in 0.175590 seconds 
========================================================================
Received Import Request.
  Time since last request: 31.329826 seconds.
  path: Assets/Prefabs/Player.prefab
  artifactKey: Guid(3fb87e81254d03c4faa466f52efa7f0c) Importer(815301076,1909f56bfc062723c751e8b465ee728b)
Start importing Assets/Prefabs/Player.prefab using Guid(3fb87e81254d03c4faa466f52efa7f0c) Importer(815301076,1909f56bfc062723c751e8b465ee728b)  -> (artifact id: '6aafd8581b272c4d311ea449588de719') in 0.045494 seconds 
========================================================================
Received Import Request.
  Time since last request: 1.569471 seconds.
  path: Assets/Prefabs/Player.prefab
  artifactKey: Guid(3fb87e81254d03c4faa466f52efa7f0c) Importer(815301076,1909f56bfc062723c751e8b465ee728b)
Start importing Assets/Prefabs/Player.prefab using Guid(3fb87e81254d03c4faa466f52efa7f0c) Importer(815301076,1909f56bfc062723c751e8b465ee728b)  -> (artifact id: 'c7aeab5008255d39d3e87e2b97c89e4d') in 0.032126 seconds 
========================================================================
Received Import Request.
  Time since last request: 4.477115 seconds.
  path: Assets/Prefabs/Player.prefab
  artifactKey: Guid(3fb87e81254d03c4faa466f52efa7f0c) Importer(815301076,1909f56bfc062723c751e8b465ee728b)
Start importing Assets/Prefabs/Player.prefab using Guid(3fb87e81254d03c4faa466f52efa7f0c) Importer(815301076,1909f56bfc062723c751e8b465ee728b)  -> (artifact id: '9af7c5abb0fac909f2b0ce9ae03016a2') in 0.045883 seconds 
========================================================================
Received Import Request.
  Time since last request: 5.681850 seconds.
  path: Assets/Prefabs/Player.prefab
  artifactKey: Guid(3fb87e81254d03c4faa466f52efa7f0c) Importer(815301076,1909f56bfc062723c751e8b465ee728b)
Start importing Assets/Prefabs/Player.prefab using Guid(3fb87e81254d03c4faa466f52efa7f0c) Importer(815301076,1909f56bfc062723c751e8b465ee728b)  -> (artifact id: '641c00c6455fedd691f9b172c3deca04') in 0.033678 seconds 
========================================================================
Received Import Request.
  Time since last request: 5.097013 seconds.
  path: Assets/Prefabs/Player.prefab
  artifactKey: Guid(3fb87e81254d03c4faa466f52efa7f0c) Importer(815301076,1909f56bfc062723c751e8b465ee728b)
Start importing Assets/Prefabs/Player.prefab using Guid(3fb87e81254d03c4faa466f52efa7f0c) Importer(815301076,1909f56bfc062723c751e8b465ee728b)  -> (artifact id: '7ba0fab438d03bf9b84f9a04fc8654c8') in 0.034142 seconds 
========================================================================
Received Import Request.
  Time since last request: 1.977805 seconds.
  path: Assets/Prefabs/Player.prefab
  artifactKey: Guid(3fb87e81254d03c4faa466f52efa7f0c) Importer(815301076,1909f56bfc062723c751e8b465ee728b)
Start importing Assets/Prefabs/Player.prefab using Guid(3fb87e81254d03c4faa466f52efa7f0c) Importer(815301076,1909f56bfc062723c751e8b465ee728b)  -> (artifact id: '80bb1093c29f82ada115d8d1f91b6338') in 0.032562 seconds 
========================================================================
Received Import Request.
  Time since last request: 8.369820 seconds.
  path: Assets/Prefabs/Player.prefab
  artifactKey: Guid(3fb87e81254d03c4faa466f52efa7f0c) Importer(815301076,1909f56bfc062723c751e8b465ee728b)
Start importing Assets/Prefabs/Player.prefab using Guid(3fb87e81254d03c4faa466f52efa7f0c) Importer(815301076,1909f56bfc062723c751e8b465ee728b)  -> (artifact id: '303fdbc8c269202e8fa35dab1fbba830') in 0.044713 seconds 
========================================================================
Received Import Request.
  Time since last request: 7.714065 seconds.
  path: Assets/Prefabs/Player.prefab
  artifactKey: Guid(3fb87e81254d03c4faa466f52efa7f0c) Importer(815301076,1909f56bfc062723c751e8b465ee728b)
Start importing Assets/Prefabs/Player.prefab using Guid(3fb87e81254d03c4faa466f52efa7f0c) Importer(815301076,1909f56bfc062723c751e8b465ee728b)  -> (artifact id: '86c2186ec7a2049579ac0f2508e4c9e5') in 0.081701 seconds 
========================================================================
Received Import Request.
  Time since last request: 8.095883 seconds.
  path: Assets/Prefabs/Player.prefab
  artifactKey: Guid(3fb87e81254d03c4faa466f52efa7f0c) Importer(815301076,1909f56bfc062723c751e8b465ee728b)
Start importing Assets/Prefabs/Player.prefab using Guid(3fb87e81254d03c4faa466f52efa7f0c) Importer(815301076,1909f56bfc062723c751e8b465ee728b)  -> (artifact id: '484d7c0db0fdd2a8f5f19335c024336a') in 0.034896 seconds 
========================================================================
Received Import Request.
  Time since last request: 3.636497 seconds.
  path: Assets/Prefabs/Player.prefab
  artifactKey: Guid(3fb87e81254d03c4faa466f52efa7f0c) Importer(815301076,1909f56bfc062723c751e8b465ee728b)
Start importing Assets/Prefabs/Player.prefab using Guid(3fb87e81254d03c4faa466f52efa7f0c) Importer(815301076,1909f56bfc062723c751e8b465ee728b)  -> (artifact id: '33798b739cc83b577ded1977342f1efd') in 0.045807 seconds 
========================================================================
Received Import Request.
  Time since last request: 5.451729 seconds.
  path: Assets/Prefabs/Player.prefab
  artifactKey: Guid(3fb87e81254d03c4faa466f52efa7f0c) Importer(815301076,1909f56bfc062723c751e8b465ee728b)
Start importing Assets/Prefabs/Player.prefab using Guid(3fb87e81254d03c4faa466f52efa7f0c) Importer(815301076,1909f56bfc062723c751e8b465ee728b)  -> (artifact id: '1003deb2564a4c899c7037d4546457fa') in 0.033134 seconds 
========================================================================
Received Import Request.
  Time since last request: 20.525247 seconds.
  path: Assets/Prefabs/Player.prefab
  artifactKey: Guid(3fb87e81254d03c4faa466f52efa7f0c) Importer(815301076,1909f56bfc062723c751e8b465ee728b)
Start importing Assets/Prefabs/Player.prefab using Guid(3fb87e81254d03c4faa466f52efa7f0c) Importer(815301076,1909f56bfc062723c751e8b465ee728b)  -> (artifact id: 'f7bb91a2b9cfd132fc2f7b587dcf542d') in 0.052827 seconds 
========================================================================
Received Prepare
Registering precompiled user dll's ...
Registered in 0.003086 seconds.
Begin MonoManager ReloadAssembly
Native extension for WindowsStandalone target not found
Native extension for WebGL target not found
Refreshing native plugins compatible for Editor in 0.65 ms, found 0 plugins.
Preloading 0 native plugins for Editor in 0.00 ms.
Mono: successfully reloaded assembly
- Completed reload, in  1.387 seconds
Platform modules already initialized, skipping
Refreshing native plugins compatible for Editor in 0.66 ms, found 0 plugins.
Preloading 0 native plugins for Editor in 0.00 ms.
Unloading 1733 Unused Serialized files (Serialized files now loaded: 0)
System memory in use before: 82.8 MB.
System memory in use after: 82.9 MB.

Unloading 35 unused Assets to reduce memory usage. Loaded Objects now: 2220.
Total: 6.505500 ms (FindLiveObjects: 0.166700 ms CreateObjectMapping: 0.067800 ms MarkObjects: 6.216700 ms  DeleteObjects: 0.052700 ms)

========================================================================
Received Import Request.
  Time since last request: 42.533098 seconds.
  path: Assets/Prefabs/Player.prefab
  artifactKey: Guid(3fb87e81254d03c4faa466f52efa7f0c) Importer(815301076,1909f56bfc062723c751e8b465ee728b)
Start importing Assets/Prefabs/Player.prefab using Guid(3fb87e81254d03c4faa466f52efa7f0c) Importer(815301076,1909f56bfc062723c751e8b465ee728b)  -> (artifact id: '69e5c1e099b4e6bb42bf1792c24afd41') in 0.107596 seconds 
========================================================================
Received Import Request.
  Time since last request: 13.674622 seconds.
  path: Assets/Prefabs/Player.prefab
  artifactKey: Guid(3fb87e81254d03c4faa466f52efa7f0c) Importer(815301076,1909f56bfc062723c751e8b465ee728b)
Start importing Assets/Prefabs/Player.prefab using Guid(3fb87e81254d03c4faa466f52efa7f0c) Importer(815301076,1909f56bfc062723c751e8b465ee728b)  -> (artifact id: '12c026bac2d67522c4bc8cc0582b9a18') in 0.028639 seconds 
========================================================================
Received Import Request.
  Time since last request: 9.127159 seconds.
  path: Assets/Prefabs/Player.prefab
  artifactKey: Guid(3fb87e81254d03c4faa466f52efa7f0c) Importer(815301076,1909f56bfc062723c751e8b465ee728b)
Start importing Assets/Prefabs/Player.prefab using Guid(3fb87e81254d03c4faa466f52efa7f0c) Importer(815301076,1909f56bfc062723c751e8b465ee728b)  -> (artifact id: '5cbb66568a75955a4e504f94cb3f054b') in 0.034952 seconds 
========================================================================
Received Import Request.
  Time since last request: 4.941321 seconds.
  path: Assets/Prefabs/Player.prefab
  artifactKey: Guid(3fb87e81254d03c4faa466f52efa7f0c) Importer(815301076,1909f56bfc062723c751e8b465ee728b)
Start importing Assets/Prefabs/Player.prefab using Guid(3fb87e81254d03c4faa466f52efa7f0c) Importer(815301076,1909f56bfc062723c751e8b465ee728b)  -> (artifact id: '0daea5af11212c6350908c4feb98b056') in 0.034690 seconds 
========================================================================
Received Import Request.
  Time since last request: 2.429283 seconds.
  path: Assets/Prefabs/Player.prefab
  artifactKey: Guid(3fb87e81254d03c4faa466f52efa7f0c) Importer(815301076,1909f56bfc062723c751e8b465ee728b)
Start importing Assets/Prefabs/Player.prefab using Guid(3fb87e81254d03c4faa466f52efa7f0c) Importer(815301076,1909f56bfc062723c751e8b465ee728b)  -> (artifact id: '9dae1a7c51bfb8d6811caff8c44475e6') in 0.032972 seconds 
========================================================================
Received Import Request.
  Time since last request: 1.444385 seconds.
  path: Assets/Prefabs/Player.prefab
  artifactKey: Guid(3fb87e81254d03c4faa466f52efa7f0c) Importer(815301076,1909f56bfc062723c751e8b465ee728b)
Start importing Assets/Prefabs/Player.prefab using Guid(3fb87e81254d03c4faa466f52efa7f0c) Importer(815301076,1909f56bfc062723c751e8b465ee728b)  -> (artifact id: '70424cccc3a23ddfbf1f5b42cdaf8dc7') in 0.028178 seconds 
========================================================================
Received Import Request.
  Time since last request: 19.154166 seconds.
  path: Assets/Prefabs/Player.prefab
  artifactKey: Guid(3fb87e81254d03c4faa466f52efa7f0c) Importer(815301076,1909f56bfc062723c751e8b465ee728b)
Start importing Assets/Prefabs/Player.prefab using Guid(3fb87e81254d03c4faa466f52efa7f0c) Importer(815301076,1909f56bfc062723c751e8b465ee728b)  -> (artifact id: 'b2b85c50ab9c3608043690aafd80f635') in 0.029102 seconds 
========================================================================
Received Import Request.
  Time since last request: 18.531470 seconds.
  path: Assets/Prefabs/Player.prefab
  artifactKey: Guid(3fb87e81254d03c4faa466f52efa7f0c) Importer(815301076,1909f56bfc062723c751e8b465ee728b)
Start importing Assets/Prefabs/Player.prefab using Guid(3fb87e81254d03c4faa466f52efa7f0c) Importer(815301076,1909f56bfc062723c751e8b465ee728b)  -> (artifact id: '512ff6a25e7da66da1632fc2d3bafed1') in 0.042312 seconds 
========================================================================
Received Import Request.
  Time since last request: 20.219949 seconds.
  path: Assets/Prefabs/Player.prefab
  artifactKey: Guid(3fb87e81254d03c4faa466f52efa7f0c) Importer(815301076,1909f56bfc062723c751e8b465ee728b)
Start importing Assets/Prefabs/Player.prefab using Guid(3fb87e81254d03c4faa466f52efa7f0c) Importer(815301076,1909f56bfc062723c751e8b465ee728b)  -> (artifact id: '126f6d5548115df0ea61a40d2c632d47') in 0.034651 seconds 
========================================================================
Received Prepare
Registering precompiled user dll's ...
Registered in 0.003481 seconds.
Begin MonoManager ReloadAssembly
Native extension for WindowsStandalone target not found
Native extension for WebGL target not found
Refreshing native plugins compatible for Editor in 0.64 ms, found 0 plugins.
Preloading 0 native plugins for Editor in 0.00 ms.
Mono: successfully reloaded assembly
- Completed reload, in  1.461 seconds
Platform modules already initialized, skipping
Refreshing native plugins compatible for Editor in 0.64 ms, found 0 plugins.
Preloading 0 native plugins for Editor in 0.00 ms.
Unloading 1733 Unused Serialized files (Serialized files now loaded: 0)
System memory in use before: 82.9 MB.
System memory in use after: 83.0 MB.

Unloading 35 unused Assets to reduce memory usage. Loaded Objects now: 2224.
Total: 6.632800 ms (FindLiveObjects: 0.164300 ms CreateObjectMapping: 0.067900 ms MarkObjects: 6.347000 ms  DeleteObjects: 0.051500 ms)

========================================================================
Received Prepare
Registering precompiled user dll's ...
Registered in 0.002899 seconds.
Begin MonoManager ReloadAssembly
Native extension for WindowsStandalone target not found
Native extension for WebGL target not found
Refreshing native plugins compatible for Editor in 0.62 ms, found 0 plugins.
Preloading 0 native plugins for Editor in 0.00 ms.
Mono: successfully reloaded assembly
- Completed reload, in  1.343 seconds
Platform modules already initialized, skipping
Refreshing native plugins compatible for Editor in 0.61 ms, found 0 plugins.
Preloading 0 native plugins for Editor in 0.00 ms.
Unloading 1733 Unused Serialized files (Serialized files now loaded: 0)
System memory in use before: 82.9 MB.
System memory in use after: 83.0 MB.

Unloading 33 unused Assets to reduce memory usage. Loaded Objects now: 2227.
Total: 7.355600 ms (FindLiveObjects: 0.206600 ms CreateObjectMapping: 0.070100 ms MarkObjects: 7.033400 ms  DeleteObjects: 0.043100 ms)

========================================================================
Received Prepare
Registering precompiled user dll's ...
Registered in 0.030829 seconds.
Begin MonoManager ReloadAssembly
Native extension for WindowsStandalone target not found
Native extension for WebGL target not found
Refreshing native plugins compatible for Editor in 0.64 ms, found 0 plugins.
Preloading 0 native plugins for Editor in 0.00 ms.
Mono: successfully reloaded assembly
- Completed reload, in  1.412 seconds
Platform modules already initialized, skipping
Refreshing native plugins compatible for Editor in 0.62 ms, found 0 plugins.
Preloading 0 native plugins for Editor in 0.00 ms.
Unloading 1733 Unused Serialized files (Serialized files now loaded: 0)
System memory in use before: 82.9 MB.
System memory in use after: 83.0 MB.

Unloading 33 unused Assets to reduce memory usage. Loaded Objects now: 2230.
Total: 7.574000 ms (FindLiveObjects: 0.201300 ms CreateObjectMapping: 0.066900 ms MarkObjects: 7.258300 ms  DeleteObjects: 0.045300 ms)

========================================================================
Received Prepare
Registering precompiled user dll's ...
Registered in 0.003384 seconds.
Begin MonoManager ReloadAssembly
Native extension for WindowsStandalone target not found
Native extension for WebGL target not found
Refreshing native plugins compatible for Editor in 0.64 ms, found 0 plugins.
Preloading 0 native plugins for Editor in 0.00 ms.
Mono: successfully reloaded assembly
- Completed reload, in  1.934 seconds
Platform modules already initialized, skipping
Refreshing native plugins compatible for Editor in 0.63 ms, found 0 plugins.
Preloading 0 native plugins for Editor in 0.00 ms.
Unloading 1733 Unused Serialized files (Serialized files now loaded: 0)
System memory in use before: 82.9 MB.
System memory in use after: 83.0 MB.

Unloading 33 unused Assets to reduce memory usage. Loaded Objects now: 2233.
Total: 9.568000 ms (FindLiveObjects: 0.187500 ms CreateObjectMapping: 0.069900 ms MarkObjects: 9.206800 ms  DeleteObjects: 0.098000 ms)

========================================================================
Received Import Request.
  Time since last request: 79244.448240 seconds.
  path: Assets/Textures/target.png
  artifactKey: Guid(af1d50db81e571f4b8c961821964113d) Importer(815301076,1909f56bfc062723c751e8b465ee728b)
Start importing Assets/Textures/target.png using Guid(af1d50db81e571f4b8c961821964113d) Importer(815301076,1909f56bfc062723c751e8b465ee728b)  -> (artifact id: '135b35fcaa3d55cc1ba3628da9f4407b') in 0.250779 seconds 
========================================================================
Received Import Request.
  Time since last request: 10.862988 seconds.
  path: Assets/Textures/target.png
  artifactKey: Guid(af1d50db81e571f4b8c961821964113d) Importer(815301076,1909f56bfc062723c751e8b465ee728b)
Start importing Assets/Textures/target.png using Guid(af1d50db81e571f4b8c961821964113d) Importer(815301076,1909f56bfc062723c751e8b465ee728b)  -> (artifact id: 'fc7e7dc0bb2c0f7c548da55ab260e597') in 0.027764 seconds 
========================================================================
Received Import Request.
  Time since last request: 24.907641 seconds.
  path: Assets/Prefabs/Player.prefab
  artifactKey: Guid(3fb87e81254d03c4faa466f52efa7f0c) Importer(815301076,1909f56bfc062723c751e8b465ee728b)
Start importing Assets/Prefabs/Player.prefab using Guid(3fb87e81254d03c4faa466f52efa7f0c) Importer(815301076,1909f56bfc062723c751e8b465ee728b)  -> (artifact id: '9f45de023b8970c7a56bf365840395db') in 0.065294 seconds 
========================================================================
Received Prepare
Registering precompiled user dll's ...
Registered in 0.003087 seconds.
Begin MonoManager ReloadAssembly
Native extension for WindowsStandalone target not found
Native extension for WebGL target not found
Refreshing native plugins compatible for Editor in 0.71 ms, found 0 plugins.
Preloading 0 native plugins for Editor in 0.00 ms.
Mono: successfully reloaded assembly
- Completed reload, in  1.480 seconds
Platform modules already initialized, skipping
Refreshing native plugins compatible for Editor in 0.61 ms, found 0 plugins.
Preloading 0 native plugins for Editor in 0.00 ms.
Unloading 1734 Unused Serialized files (Serialized files now loaded: 0)
System memory in use before: 83.8 MB.
System memory in use after: 83.9 MB.

Unloading 35 unused Assets to reduce memory usage. Loaded Objects now: 2269.
Total: 7.560500 ms (FindLiveObjects: 0.220000 ms CreateObjectMapping: 0.068500 ms MarkObjects: 7.205700 ms  DeleteObjects: 0.064300 ms)

========================================================================
Received Import Request.
  Time since last request: 32.866399 seconds.
  path: Assets/Prefabs/Target.prefab
  artifactKey: Guid(50a0519463adaec42bb53a4b9e989759) Importer(815301076,1909f56bfc062723c751e8b465ee728b)
Start importing Assets/Prefabs/Target.prefab using Guid(50a0519463adaec42bb53a4b9e989759) Importer(815301076,1909f56bfc062723c751e8b465ee728b)  -> (artifact id: 'e28091188a07506ffb83268077796408') in 0.099432 seconds 
========================================================================
Received Import Request.
  Time since last request: 4.529988 seconds.
  path: Assets/Prefabs/Target.prefab
  artifactKey: Guid(50a0519463adaec42bb53a4b9e989759) Importer(815301076,1909f56bfc062723c751e8b465ee728b)
Start importing Assets/Prefabs/Target.prefab using Guid(50a0519463adaec42bb53a4b9e989759) Importer(815301076,1909f56bfc062723c751e8b465ee728b)  -> (artifact id: 'e4d8091dfc427e180ed6ab88f50b5e48') in 0.024449 seconds 
========================================================================
Received Import Request.
  Time since last request: 2.191597 seconds.
  path: Assets/Prefabs/Target.prefab
  artifactKey: Guid(50a0519463adaec42bb53a4b9e989759) Importer(815301076,1909f56bfc062723c751e8b465ee728b)
Start importing Assets/Prefabs/Target.prefab using Guid(50a0519463adaec42bb53a4b9e989759) Importer(815301076,1909f56bfc062723c751e8b465ee728b)  -> (artifact id: 'c9f29cc3498da950c8b09f27b39fdab0') in 0.019554 seconds 
========================================================================
Received Import Request.
  Time since last request: 3.861276 seconds.
  path: Assets/Prefabs/Target.prefab
  artifactKey: Guid(50a0519463adaec42bb53a4b9e989759) Importer(815301076,1909f56bfc062723c751e8b465ee728b)
Start importing Assets/Prefabs/Target.prefab using Guid(50a0519463adaec42bb53a4b9e989759) Importer(815301076,1909f56bfc062723c751e8b465ee728b)  -> (artifact id: '595aa7e6aba4cafb8afff6726293624b') in 0.019588 seconds 
========================================================================
Received Import Request.
  Time since last request: 1.589177 seconds.
  path: Assets/Prefabs/Target.prefab
  artifactKey: Guid(50a0519463adaec42bb53a4b9e989759) Importer(815301076,1909f56bfc062723c751e8b465ee728b)
Start importing Assets/Prefabs/Target.prefab using Guid(50a0519463adaec42bb53a4b9e989759) Importer(815301076,1909f56bfc062723c751e8b465ee728b)  -> (artifact id: 'eeb2014ddb78120d4e6dd301264ac474') in 0.020197 seconds 
========================================================================
Received Import Request.
  Time since last request: 1.827296 seconds.
  path: Assets/Prefabs/Target.prefab
  artifactKey: Guid(50a0519463adaec42bb53a4b9e989759) Importer(815301076,1909f56bfc062723c751e8b465ee728b)
Start importing Assets/Prefabs/Target.prefab using Guid(50a0519463adaec42bb53a4b9e989759) Importer(815301076,1909f56bfc062723c751e8b465ee728b)  -> (artifact id: 'c43ad3af535b05ab07fdc591357adc80') in 0.021409 seconds 
========================================================================
Received Import Request.
  Time since last request: 0.748742 seconds.
  path: Assets/Prefabs/Target.prefab
  artifactKey: Guid(50a0519463adaec42bb53a4b9e989759) Importer(815301076,1909f56bfc062723c751e8b465ee728b)
Start importing Assets/Prefabs/Target.prefab using Guid(50a0519463adaec42bb53a4b9e989759) Importer(815301076,1909f56bfc062723c751e8b465ee728b)  -> (artifact id: 'bbd7091067cbf73c4d56512a25a12d1f') in 0.036400 seconds 
========================================================================
Received Prepare
Registering precompiled user dll's ...
Registered in 0.003192 seconds.
Begin MonoManager ReloadAssembly
Native extension for WindowsStandalone target not found
Native extension for WebGL target not found
Refreshing native plugins compatible for Editor in 0.61 ms, found 0 plugins.
Preloading 0 native plugins for Editor in 0.00 ms.
Mono: successfully reloaded assembly
- Completed reload, in  1.363 seconds
Platform modules already initialized, skipping
Refreshing native plugins compatible for Editor in 0.62 ms, found 0 plugins.
Preloading 0 native plugins for Editor in 0.00 ms.
Unloading 1733 Unused Serialized files (Serialized files now loaded: 0)
System memory in use before: 83.7 MB.
System memory in use after: 83.8 MB.

Unloading 33 unused Assets to reduce memory usage. Loaded Objects now: 2273.
Total: 6.344200 ms (FindLiveObjects: 0.169900 ms CreateObjectMapping: 0.065600 ms MarkObjects: 6.074800 ms  DeleteObjects: 0.032600 ms)

========================================================================
Received Import Request.
  Time since last request: 51.200957 seconds.
  path: Assets/Prefabs/Target.prefab
  artifactKey: Guid(50a0519463adaec42bb53a4b9e989759) Importer(815301076,1909f56bfc062723c751e8b465ee728b)
Start importing Assets/Prefabs/Target.prefab using Guid(50a0519463adaec42bb53a4b9e989759) Importer(815301076,1909f56bfc062723c751e8b465ee728b)  -> (artifact id: 'c6079bcedfba8ccc500d6fdc622f400e') in 0.153578 seconds 
========================================================================
Received Import Request.
  Time since last request: 6.063059 seconds.
  path: Assets/Prefabs/Target.prefab
  artifactKey: Guid(50a0519463adaec42bb53a4b9e989759) Importer(815301076,1909f56bfc062723c751e8b465ee728b)
Start importing Assets/Prefabs/Target.prefab using Guid(50a0519463adaec42bb53a4b9e989759) Importer(815301076,1909f56bfc062723c751e8b465ee728b)  -> (artifact id: '7273ac4282124dcac2d8e1c93f935864') in 0.021112 seconds 
========================================================================
Received Import Request.
  Time since last request: 1.726225 seconds.
  path: Assets/Prefabs/Target.prefab
  artifactKey: Guid(50a0519463adaec42bb53a4b9e989759) Importer(815301076,1909f56bfc062723c751e8b465ee728b)
Start importing Assets/Prefabs/Target.prefab using Guid(50a0519463adaec42bb53a4b9e989759) Importer(815301076,1909f56bfc062723c751e8b465ee728b)  -> (artifact id: '6e5ad918bfdba2cae2fefbea60ee1075') in 0.023070 seconds 
========================================================================
Received Prepare
Registering precompiled user dll's ...
Registered in 0.002783 seconds.
Begin MonoManager ReloadAssembly
Native extension for WindowsStandalone target not found
Native extension for WebGL target not found
Refreshing native plugins compatible for Editor in 0.61 ms, found 0 plugins.
Preloading 0 native plugins for Editor in 0.00 ms.
Mono: successfully reloaded assembly
- Completed reload, in  1.302 seconds
Platform modules already initialized, skipping
Refreshing native plugins compatible for Editor in 0.61 ms, found 0 plugins.
Preloading 0 native plugins for Editor in 0.00 ms.
Unloading 1733 Unused Serialized files (Serialized files now loaded: 0)
System memory in use before: 83.7 MB.
System memory in use after: 83.9 MB.

Unloading 33 unused Assets to reduce memory usage. Loaded Objects now: 2277.
Total: 6.723800 ms (FindLiveObjects: 0.209100 ms CreateObjectMapping: 0.069200 ms MarkObjects: 6.404600 ms  DeleteObjects: 0.039300 ms)

========================================================================
Received Prepare
Registering precompiled user dll's ...
Registered in 0.003394 seconds.
Begin MonoManager ReloadAssembly
Native extension for WindowsStandalone target not found
Native extension for WebGL target not found
Refreshing native plugins compatible for Editor in 0.73 ms, found 0 plugins.
Preloading 0 native plugins for Editor in 0.00 ms.
Mono: successfully reloaded assembly
- Completed reload, in  1.601 seconds
Platform modules already initialized, skipping
Refreshing native plugins compatible for Editor in 0.64 ms, found 0 plugins.
Preloading 0 native plugins for Editor in 0.00 ms.
Unloading 1733 Unused Serialized files (Serialized files now loaded: 0)
System memory in use before: 83.8 MB.
System memory in use after: 83.9 MB.

Unloading 33 unused Assets to reduce memory usage. Loaded Objects now: 2280.
Total: 6.977500 ms (FindLiveObjects: 0.272200 ms CreateObjectMapping: 0.090300 ms MarkObjects: 6.588500 ms  DeleteObjects: 0.024500 ms)

========================================================================
Received Prepare
Registering precompiled user dll's ...
Registered in 0.003034 seconds.
Begin MonoManager ReloadAssembly
Native extension for WindowsStandalone target not found
Native extension for WebGL target not found
Refreshing native plugins compatible for Editor in 0.65 ms, found 0 plugins.
Preloading 0 native plugins for Editor in 0.00 ms.
Mono: successfully reloaded assembly
- Completed reload, in  5.850 seconds
Platform modules already initialized, skipping
Refreshing native plugins compatible for Editor in 0.74 ms, found 0 plugins.
Preloading 0 native plugins for Editor in 0.00 ms.
Unloading 1733 Unused Serialized files (Serialized files now loaded: 0)
System memory in use before: 83.8 MB.
System memory in use after: 83.9 MB.

Unloading 33 unused Assets to reduce memory usage. Loaded Objects now: 2283.
Total: 7.656900 ms (FindLiveObjects: 0.197600 ms CreateObjectMapping: 0.076100 ms MarkObjects: 7.351200 ms  DeleteObjects: 0.030000 ms)

========================================================================
Received Prepare
Refreshing native plugins compatible for Editor in 10.75 ms, found 0 plugins.
Preloading 0 native plugins for Editor in 0.00 ms.
Unloading 32 Unused Serialized files (Serialized files now loaded: 0)
System memory in use before: 50.0 MB.
System memory in use after: 50.1 MB.

Unloading 31 unused Assets to reduce memory usage. Loaded Objects now: 2283.
Total: 6.586600 ms (FindLiveObjects: 0.181600 ms CreateObjectMapping: 0.113300 ms MarkObjects: 6.264900 ms  DeleteObjects: 0.024900 ms)

========================================================================
Received Prepare
Refreshing native plugins compatible for Editor in 11.82 ms, found 0 plugins.
Preloading 0 native plugins for Editor in 0.00 ms.
Unloading 32 Unused Serialized files (Serialized files now loaded: 0)
System memory in use before: 50.0 MB.
System memory in use after: 50.1 MB.

Unloading 31 unused Assets to reduce memory usage. Loaded Objects now: 2283.
Total: 7.011300 ms (FindLiveObjects: 0.199300 ms CreateObjectMapping: 0.068300 ms MarkObjects: 6.715400 ms  DeleteObjects: 0.026300 ms)

========================================================================
Received Prepare
Refreshing native plugins compatible for Editor in 11.09 ms, found 0 plugins.
Preloading 0 native plugins for Editor in 0.00 ms.
Unloading 32 Unused Serialized files (Serialized files now loaded: 0)
System memory in use before: 50.0 MB.
System memory in use after: 50.1 MB.

Unloading 31 unused Assets to reduce memory usage. Loaded Objects now: 2283.
Total: 7.407900 ms (FindLiveObjects: 0.253100 ms CreateObjectMapping: 0.067800 ms MarkObjects: 7.043000 ms  DeleteObjects: 0.041900 ms)

========================================================================
Received Prepare
Refreshing native plugins compatible for Editor in 9.95 ms, found 0 plugins.
Preloading 0 native plugins for Editor in 0.00 ms.
Unloading 32 Unused Serialized files (Serialized files now loaded: 0)
System memory in use before: 50.0 MB.
System memory in use after: 50.1 MB.

Unloading 31 unused Assets to reduce memory usage. Loaded Objects now: 2283.
Total: 6.750500 ms (FindLiveObjects: 0.198300 ms CreateObjectMapping: 0.081400 ms MarkObjects: 6.439500 ms  DeleteObjects: 0.029700 ms)

========================================================================
Received Prepare
Registering precompiled user dll's ...
Registered in 0.002949 seconds.
Begin MonoManager ReloadAssembly
Native extension for WindowsStandalone target not found
Native extension for WebGL target not found
Refreshing native plugins compatible for Editor in 0.65 ms, found 0 plugins.
Preloading 0 native plugins for Editor in 0.00 ms.
Mono: successfully reloaded assembly
- Completed reload, in  1.661 seconds
Platform modules already initialized, skipping
Refreshing native plugins compatible for Editor in 0.74 ms, found 0 plugins.
Preloading 0 native plugins for Editor in 0.00 ms.
Unloading 1733 Unused Serialized files (Serialized files now loaded: 0)
System memory in use before: 83.8 MB.
System memory in use after: 83.9 MB.

Unloading 33 unused Assets to reduce memory usage. Loaded Objects now: 2286.
Total: 6.971500 ms (FindLiveObjects: 0.186300 ms CreateObjectMapping: 0.076300 ms MarkObjects: 6.679100 ms  DeleteObjects: 0.027700 ms)

========================================================================
Received Prepare
Refreshing native plugins compatible for Editor in 19.91 ms, found 0 plugins.
Preloading 0 native plugins for Editor in 0.00 ms.
Unloading 32 Unused Serialized files (Serialized files now loaded: 0)
System memory in use before: 50.0 MB.
System memory in use after: 50.1 MB.

Unloading 31 unused Assets to reduce memory usage. Loaded Objects now: 2286.
Total: 7.248300 ms (FindLiveObjects: 0.171200 ms CreateObjectMapping: 0.091400 ms MarkObjects: 6.957200 ms  DeleteObjects: 0.026200 ms)

========================================================================
Received Prepare
Refreshing native plugins compatible for Editor in 11.35 ms, found 0 plugins.
Preloading 0 native plugins for Editor in 0.00 ms.
Unloading 32 Unused Serialized files (Serialized files now loaded: 0)
System memory in use before: 50.0 MB.
System memory in use after: 50.1 MB.

Unloading 31 unused Assets to reduce memory usage. Loaded Objects now: 2286.
Total: 6.756200 ms (FindLiveObjects: 0.192400 ms CreateObjectMapping: 0.063700 ms MarkObjects: 6.468800 ms  DeleteObjects: 0.030100 ms)

========================================================================
Received Import Request.
  Time since last request: 33668.835939 seconds.
  path: Assets/Scenes/Level_2.unity
  artifactKey: Guid(2cda990e2423bbf4892e6590ba056729) Importer(815301076,1909f56bfc062723c751e8b465ee728b)
Start importing Assets/Scenes/Level_2.unity using Guid(2cda990e2423bbf4892e6590ba056729) Importer(815301076,1909f56bfc062723c751e8b465ee728b)  -> (artifact id: 'd19136d1db0f9abccd46051d45ca8155') in 0.058111 seconds 
========================================================================
Received Import Request.
  Time since last request: 12.561188 seconds.
  path: Assets/Scenes/Level_1.unity
  artifactKey: Guid(1a29a2d87649e15448787715dbecda05) Importer(815301076,1909f56bfc062723c751e8b465ee728b)
Start importing Assets/Scenes/Level_1.unity using Guid(1a29a2d87649e15448787715dbecda05) Importer(815301076,1909f56bfc062723c751e8b465ee728b)  -> (artifact id: '374a80c6f150a24534e936e9ff875f69') in 0.009998 seconds 
========================================================================
Received Import Request.
  Time since last request: 1.624831 seconds.
  path: Assets/Scenes/Level_2.unity
  artifactKey: Guid(2cda990e2423bbf4892e6590ba056729) Importer(815301076,1909f56bfc062723c751e8b465ee728b)
Start importing Assets/Scenes/Level_2.unity using Guid(2cda990e2423bbf4892e6590ba056729) Importer(815301076,1909f56bfc062723c751e8b465ee728b)  -> (artifact id: 'f4d7df8653195f831ae5eaf54ba8b049') in 0.009270 seconds 
========================================================================
Received Import Request.
  Time since last request: 23.251018 seconds.
  path: Assets/Scenes/Instructions.unity
  artifactKey: Guid(eca3a4af41dc5024081de1b50560b936) Importer(815301076,1909f56bfc062723c751e8b465ee728b)
Start importing Assets/Scenes/Instructions.unity using Guid(eca3a4af41dc5024081de1b50560b936) Importer(815301076,1909f56bfc062723c751e8b465ee728b)  -> (artifact id: 'ee024bfe11fcc06bd95e19991ad25b4c') in 0.009775 seconds 
========================================================================
Received Prepare
Refreshing native plugins compatible for Editor in 11.53 ms, found 0 plugins.
Preloading 0 native plugins for Editor in 0.00 ms.
Unloading 32 Unused Serialized files (Serialized files now loaded: 0)
System memory in use before: 50.0 MB.
System memory in use after: 50.2 MB.

Unloading 31 unused Assets to reduce memory usage. Loaded Objects now: 2286.
Total: 7.519900 ms (FindLiveObjects: 0.167400 ms CreateObjectMapping: 0.067500 ms MarkObjects: 7.248700 ms  DeleteObjects: 0.034200 ms)

========================================================================
Received Import Request.
  Time since last request: 169.197304 seconds.
  path: Assets/Scenes/Store.unity
  artifactKey: Guid(d11d310583b8c8240b18deb51c5c4c97) Importer(815301076,1909f56bfc062723c751e8b465ee728b)
Start importing Assets/Scenes/Store.unity using Guid(d11d310583b8c8240b18deb51c5c4c97) Importer(815301076,1909f56bfc062723c751e8b465ee728b)  -> (artifact id: 'a63c0eb33043f59d2d742c82ffa6b594') in 0.012149 seconds 
========================================================================
Received Prepare
Registering precompiled user dll's ...
Registered in 0.003502 seconds.
Begin MonoManager ReloadAssembly
Native extension for WindowsStandalone target not found
Native extension for WebGL target not found
Refreshing native plugins compatible for Editor in 0.62 ms, found 0 plugins.
Preloading 0 native plugins for Editor in 0.00 ms.
Mono: successfully reloaded assembly
- Completed reload, in  1.434 seconds
Platform modules already initialized, skipping
Refreshing native plugins compatible for Editor in 0.63 ms, found 0 plugins.
Preloading 0 native plugins for Editor in 0.00 ms.
Unloading 1733 Unused Serialized files (Serialized files now loaded: 0)
System memory in use before: 83.9 MB.
System memory in use after: 84.0 MB.

Unloading 33 unused Assets to reduce memory usage. Loaded Objects now: 2289.
Total: 7.149600 ms (FindLiveObjects: 0.193200 ms CreateObjectMapping: 0.070100 ms MarkObjects: 6.843800 ms  DeleteObjects: 0.040300 ms)

========================================================================
Received Prepare
Refreshing native plugins compatible for Editor in 10.34 ms, found 0 plugins.
Preloading 0 native plugins for Editor in 0.00 ms.
Unloading 32 Unused Serialized files (Serialized files now loaded: 0)
System memory in use before: 50.1 MB.
System memory in use after: 50.2 MB.

Unloading 31 unused Assets to reduce memory usage. Loaded Objects now: 2289.
Total: 6.888500 ms (FindLiveObjects: 0.192100 ms CreateObjectMapping: 0.067500 ms MarkObjects: 6.584200 ms  DeleteObjects: 0.042200 ms)

========================================================================
Received Prepare
Registering precompiled user dll's ...
Registered in 0.003016 seconds.
Begin MonoManager ReloadAssembly
Native extension for WindowsStandalone target not found
Native extension for WebGL target not found
Refreshing native plugins compatible for Editor in 0.98 ms, found 0 plugins.
Preloading 0 native plugins for Editor in 0.00 ms.
Mono: successfully reloaded assembly
- Completed reload, in  1.408 seconds
Platform modules already initialized, skipping
Refreshing native plugins compatible for Editor in 0.63 ms, found 0 plugins.
Preloading 0 native plugins for Editor in 0.00 ms.
Unloading 1733 Unused Serialized files (Serialized files now loaded: 0)
System memory in use before: 83.9 MB.
System memory in use after: 84.0 MB.

Unloading 33 unused Assets to reduce memory usage. Loaded Objects now: 2292.
Total: 6.425500 ms (FindLiveObjects: 0.219900 ms CreateObjectMapping: 0.084700 ms MarkObjects: 6.088900 ms  DeleteObjects: 0.030400 ms)

========================================================================
Received Prepare
Refreshing native plugins compatible for Editor in 24.74 ms, found 0 plugins.
Preloading 0 native plugins for Editor in 0.00 ms.
Unloading 32 Unused Serialized files (Serialized files now loaded: 0)
System memory in use before: 50.1 MB.
System memory in use after: 50.2 MB.

Unloading 31 unused Assets to reduce memory usage. Loaded Objects now: 2292.
Total: 7.760300 ms (FindLiveObjects: 0.170200 ms CreateObjectMapping: 0.067600 ms MarkObjects: 7.485900 ms  DeleteObjects: 0.034400 ms)

========================================================================
Received Import Request.
  Time since last request: 1345.933453 seconds.
  path: Assets/Textures/Logo.png
  artifactKey: Guid(b08c4ecd297b884469c168a08715aa06) Importer(815301076,1909f56bfc062723c751e8b465ee728b)
Start importing Assets/Textures/Logo.png using Guid(b08c4ecd297b884469c168a08715aa06) Importer(815301076,1909f56bfc062723c751e8b465ee728b)  -> (artifact id: '15718814ab3e0c0ae680afce74098e36') in 0.128242 seconds 
========================================================================
Received Prepare
Registering precompiled user dll's ...
Registered in 0.002961 seconds.
Begin MonoManager ReloadAssembly
Native extension for WindowsStandalone target not found
Native extension for WebGL target not found
Refreshing native plugins compatible for Editor in 2.75 ms, found 0 plugins.
Preloading 0 native plugins for Editor in 0.00 ms.
Mono: successfully reloaded assembly
- Completed reload, in  1.782 seconds
Platform modules already initialized, skipping
Refreshing native plugins compatible for Editor in 0.68 ms, found 0 plugins.
Preloading 0 native plugins for Editor in 0.00 ms.
Unloading 1734 Unused Serialized files (Serialized files now loaded: 0)
System memory in use before: 84.4 MB.
System memory in use after: 84.5 MB.

Unloading 33 unused Assets to reduce memory usage. Loaded Objects now: 2312.
Total: 7.375000 ms (FindLiveObjects: 0.201500 ms CreateObjectMapping: 0.087900 ms MarkObjects: 7.046400 ms  DeleteObjects: 0.037100 ms)

========================================================================
Received Prepare
Registering precompiled user dll's ...
Registered in 0.007577 seconds.
Begin MonoManager ReloadAssembly
Native extension for WindowsStandalone target not found
Native extension for WebGL target not found
Refreshing native plugins compatible for Editor in 0.79 ms, found 0 plugins.
Preloading 0 native plugins for Editor in 0.00 ms.
Mono: successfully reloaded assembly
- Completed reload, in  1.657 seconds
Platform modules already initialized, skipping
Refreshing native plugins compatible for Editor in 0.63 ms, found 0 plugins.
Preloading 0 native plugins for Editor in 0.00 ms.
Unloading 1733 Unused Serialized files (Serialized files now loaded: 0)
System memory in use before: 84.3 MB.
System memory in use after: 84.4 MB.

Unloading 33 unused Assets to reduce memory usage. Loaded Objects now: 2315.
Total: 7.499600 ms (FindLiveObjects: 0.341200 ms CreateObjectMapping: 0.101700 ms MarkObjects: 7.028000 ms  DeleteObjects: 0.025600 ms)

========================================================================
Received Prepare
Registering precompiled user dll's ...
Registered in 0.003587 seconds.
Begin MonoManager ReloadAssembly
Native extension for WindowsStandalone target not found
Native extension for WebGL target not found
Refreshing native plugins compatible for Editor in 0.74 ms, found 0 plugins.
Preloading 0 native plugins for Editor in 0.00 ms.
Mono: successfully reloaded assembly
- Completed reload, in  1.778 seconds
Platform modules already initialized, skipping
Refreshing native plugins compatible for Editor in 0.64 ms, found 0 plugins.
Preloading 0 native plugins for Editor in 0.00 ms.
Unloading 1733 Unused Serialized files (Serialized files now loaded: 0)
System memory in use before: 84.3 MB.
System memory in use after: 84.4 MB.

Unloading 33 unused Assets to reduce memory usage. Loaded Objects now: 2318.
Total: 7.322300 ms (FindLiveObjects: 0.176400 ms CreateObjectMapping: 0.068800 ms MarkObjects: 7.046900 ms  DeleteObjects: 0.028400 ms)

========================================================================
Received Prepare
Refreshing native plugins compatible for Editor in 37.57 ms, found 0 plugins.
Preloading 0 native plugins for Editor in 0.00 ms.
Unloading 32 Unused Serialized files (Serialized files now loaded: 0)
System memory in use before: 50.5 MB.
System memory in use after: 50.6 MB.

Unloading 31 unused Assets to reduce memory usage. Loaded Objects now: 2318.
Total: 14.090000 ms (FindLiveObjects: 0.227900 ms CreateObjectMapping: 0.085300 ms MarkObjects: 13.747200 ms  DeleteObjects: 0.027800 ms)

AssetImportWorkerClient::OnTransportError - code=2 error=End of file
